# rc=0
# stderr:

# stdout:
[
  {
    "check": "kicad-cli ERC",
    "status": "pass",
    "errors_total": 0,
    "errors_design": 0,
    "warnings_total": 110,
    "warnings_design": 110,
    "report": "/home/reidsurmeier/electronics-stack/test-corpus/audio/Eurorack_Bus_Board/verify-out/Bus_Board-erc.rpt"
  },
  {
    "check": "Connectivity audit (passive-pin floats)",
    "status": "pass",
    "findings": 180,
    "high": 0,
    "details": [
      "J14 pin 1 'Pin_1' (passive) at (227.32999999999998, 48.260000000000005) has no label, wire, or no_connect.",
      "J14 pin 10 'Pin_10' (passive) at (240.03, 58.42) has no label, wire, or no_connect.",
      "J14 pin 2 'Pin_2' (passive) at (240.03, 48.260000000000005) has no label, wire, or no_connect.",
      "J14 pin 3 'Pin_3' (passive) at (227.32999999999998, 50.800000000000004) has no label, wire, or no_connect.",
      "J14 pin 4 'Pin_4' (passive) at (240.03, 50.800000000000004) has no label, wire, or no_connect.",
      "J14 pin 5 'Pin_5' (passive) at (227.32999999999998, 53.34) has no label, wire, or no_connect.",
      "J14 pin 6 'Pin_6' (passive) at (240.03, 53.34) has no label, wire, or no_connect.",
      "J14 pin 7 'Pin_7' (passive) at (227.32999999999998, 55.88) has no label, wire, or no_connect.",
      "J14 pin 8 'Pin_8' (passive) at (240.03, 55.88) has no label, wire, or no_connect.",
      "J14 pin 9 'Pin_9' (passive) at (227.32999999999998, 58.42) has no label, wire, or no_connect."
    ]
  }
]

