# rc=0
# stderr:

# stdout:
[
  {
    "check": "kicad-cli ERC",
    "status": "pass",
    "errors_total": 0,
    "errors_design": 0,
    "warnings_total": 116,
    "warnings_design": 116,
    "report": "/home/reidsurmeier/electronics-stack/test-corpus/audio/Eurorack_PSU/verify-out/PSU-erc.rpt"
  },
  {
    "check": "Connectivity audit (passive-pin floats)",
    "status": "pass",
    "findings": 31,
    "high": 0,
    "details": [
      "D13 pin 1 'K' (passive) at (214.63, 135.89) has no label, wire, or no_connect.",
      "D13 pin 2 'A' (passive) at (222.25, 135.89) has no label, wire, or no_connect.",
      "HS2 pin 1 '~' (passive) at (63.5, 160.01999999999998) has no label, wire, or no_connect.",
      "HS3 pin 1 '~' (passive) at (52.07, 173.98999999999998) has no label, wire, or no_connect.",
      "J3 pin 1 'Pin_1' (passive) at (39.370000000000005, 102.87) has no label, wire, or no_connect.",
      "D11 pin 1 'K' (passive) at (214.63, 40.64) has no label, wire, or no_connect.",
      "D11 pin 2 'A' (passive) at (222.25, 40.64) has no label, wire, or no_connect.",
      "D9 pin 1 'K' (passive) at (189.23, 87.63) has no label, wire, or no_connect.",
      "D9 pin 2 'A' (passive) at (196.85, 87.63) has no label, wire, or no_connect.",
      "F2 pin 1 '~' (passive) at (63.5, 74.92999999999999) has no label, wire, or no_connect."
    ]
  }
]

