# rc=1
# stderr:

# stdout:
[
  {
    "check": "kicad-cli ERC",
    "status": "fail",
    "errors_total": 4,
    "errors_design": 4,
    "warnings_total": 208,
    "warnings_design": 208,
    "report": "/home/reidsurmeier/electronics-stack/test-corpus/audio/Micronova/hardware/bus_board/verify-out/bus_board-erc.rpt"
  },
  {
    "check": "Connectivity audit (passive-pin floats)",
    "status": "fail",
    "findings": 84,
    "high": 42,
    "details": [
      "#PWR048 pin 1 '+5V' (power_in) at (78.105, 73.025) has no label, wire, or no_connect.",
      "#PWR024 pin 1 '+5V' (power_in) at (41.91, 73.025) has no label, wire, or no_connect.",
      "#PWR0111 pin 1 '-12V' (power_in) at (29.21, 28.575) has no label, wire, or no_connect.",
      "#PWR032 pin 1 '+5V' (power_in) at (41.91, 137.16) has no label, wire, or no_connect.",
      "#PWR037 pin 1 '-12V' (power_in) at (65.405, 92.71) has no label, wire, or no_connect.",
      "#PWR09 pin 1 '+5V' (power_in) at (78.105, 41.275) has no label, wire, or no_connect.",
      "#PWR040 pin 1 '+5V' (power_in) at (65.405, 105.41) has no label, wire, or no_connect.",
      "J7 pin 1 'Pin_1' (passive) at (29.21, 124.46000000000001) has no label, wire, or no_connect.",
      "J7 pin 10 'Pin_10' (passive) at (41.91, 134.62) has no label, wire, or no_connect.",
      "J7 pin 11 'Pin_11' (passive) at (29.21, 137.16000000000003) has no label, wire, or no_connect."
    ]
  }
]

