# rc=1
# stderr:

# stdout:
[
  {
    "check": "kicad-cli ERC",
    "status": "fail",
    "errors_total": 6,
    "errors_design": 6,
    "warnings_total": 144,
    "warnings_design": 144,
    "report": "/home/reidsurmeier/electronics-stack/test-corpus/audio/USB2Speakon/USB2Speakon_PCB/verify-out/USB2Speakon_PCB-erc.rpt"
  },
  {
    "check": "Connectivity audit (passive-pin floats)",
    "status": "fail",
    "findings": 47,
    "high": 7,
    "details": [
      "R13 pin 1 '~' (passive) at (52.07, 39.37) has no label, wire, or no_connect.",
      "R13 pin 2 '~' (passive) at (52.07, 44.449999999999996) has no label, wire, or no_connect.",
      "R15 pin 1 '~' (passive) at (90.17, 163.83) has no label, wire, or no_connect.",
      "R9 pin 2 '~' (passive) at (137.16, 181.60999999999999) has no label, wire, or no_connect.",
      "#PWR028 pin 1 '~' (power_in) at (203.2, 135.89) has no label, wire, or no_connect.",
      "C28 pin 2 '~' (passive) at (134.62, 35.56) has no label, wire, or no_connect.",
      "R12 pin 2 '~' (passive) at (149.86, 181.60999999999999) has no label, wire, or no_connect.",
      "C1 pin 1 '~' (passive) at (114.3, 45.72) has no label, wire, or no_connect.",
      "C1 pin 2 '~' (passive) at (114.3, 50.8) has no label, wire, or no_connect.",
      "R5 pin 1 '~' (passive) at (52.07, 140.97) has no label, wire, or no_connect."
    ]
  }
]

