# rc=1
# stderr:

# stdout:
[
  {
    "check": "kicad-cli ERC",
    "status": "fail",
    "errors_total": 1,
    "errors_design": 1,
    "warnings_total": 624,
    "warnings_design": 624,
    "report": "/home/reidsurmeier/electronics-stack/test-corpus/audio/eurorack-pmod/hardware/eurorack-pmod-r3.1/verify-out/eurorack-pmod-pcb-erc.rpt"
  },
  {
    "check": "Connectivity audit (passive-pin floats)",
    "status": "fail",
    "findings": 88,
    "high": 61,
    "details": [
      "#PWR01 pin 1 'GNDD' (power_in) at (254.508, 17.526) has no label, wire, or no_connect.",
      "C7 pin 1 '~' (passive) at (230.759, 45.593) has no label, wire, or no_connect.",
      "C7 pin 2 '~' (passive) at (230.759, 50.673) has no label, wire, or no_connect.",
      "#FLG06 pin 1 'pwr' (power_out) at (241.808, 18.034) has no label, wire, or no_connect.",
      "#FLG03 pin 1 'pwr' (power_out) at (279.4, 17.78) has no label, wire, or no_connect.",
      "C12 pin 1 '~' (passive) at (225.044, 48.133) has no label, wire, or no_connect.",
      "C12 pin 2 '~' (passive) at (225.044, 53.213) has no label, wire, or no_connect.",
      "#PWR043 pin 1 '-12V' (power_in) at (156.21, 105.41) has no label, wire, or no_connect.",
      "#FLG01 pin 1 'pwr' (power_out) at (254.508, 17.526) has no label, wire, or no_connect.",
      "C15 pin 2 '~' (passive) at (66.04, 101.60000000000001) has no label, wire, or no_connect."
    ]
  }
]

