# rc=1
# stderr:

# stdout:
[
  {
    "check": "kicad-cli ERC",
    "status": "fail",
    "errors_total": 1,
    "errors_design": 1,
    "warnings_total": 768,
    "warnings_design": 768,
    "report": "/home/reidsurmeier/electronics-stack/test-corpus/audio/eurorack-pmod/hardware/eurorack-pmod-r3.3/verify-out/eurorack-pmod-pcb-erc.rpt"
  },
  {
    "check": "Connectivity audit (passive-pin floats)",
    "status": "fail",
    "findings": 139,
    "high": 68,
    "details": [
      "#PWR01 pin 1 'GNDD' (power_in) at (254.508, 17.526) has no label, wire, or no_connect.",
      "RN8 pin 1 'R1.1' (passive) at (40.005, 38.1) has no label, wire, or no_connect.",
      "RN8 pin 8 'R1.2' (passive) at (40.005, 30.48) has no label, wire, or no_connect.",
      "RN8 pin 2 'R2.1' (passive) at (40.005, 38.1) has no label, wire, or no_connect.",
      "RN8 pin 7 'R2.2' (passive) at (40.005, 30.48) has no label, wire, or no_connect.",
      "RN8 pin 3 'R3.1' (passive) at (40.005, 38.1) has no label, wire, or no_connect.",
      "RN8 pin 6 'R3.2' (passive) at (40.005, 30.48) has no label, wire, or no_connect.",
      "RN8 pin 4 'R4.1' (passive) at (40.005, 38.1) has no label, wire, or no_connect.",
      "RN8 pin 5 'R4.2' (passive) at (40.005, 30.48) has no label, wire, or no_connect.",
      "C7 pin 1 '~' (passive) at (230.759, 45.593) has no label, wire, or no_connect."
    ]
  }
]

