# rc=1
# stderr:

# stdout:
[
  {
    "check": "kicad-cli ERC",
    "status": "fail",
    "errors_total": 12,
    "errors_design": 12,
    "warnings_total": 705,
    "warnings_design": 705,
    "report": "/home/reidsurmeier/electronics-stack/test-corpus/audio/eurorack-pmod/hardware/eurorack-pmod-r3.5/verify-out/eurorack-pmod-pcb-erc.rpt"
  },
  {
    "check": "Connectivity audit (passive-pin floats)",
    "status": "fail",
    "findings": 159,
    "high": 75,
    "details": [
      "#PWR01 pin 1 'GNDD' (power_in) at (254.508, 17.526) has no label, wire, or no_connect.",
      "RN12 pin 8 'R1.2' (passive) at (40.64, 45.72) has no label, wire, or no_connect.",
      "RN12 pin 1 'R1.1' (passive) at (40.64, 53.34) has no label, wire, or no_connect.",
      "RN12 pin 7 'R2.2' (passive) at (40.64, 45.72) has no label, wire, or no_connect.",
      "RN12 pin 2 'R2.1' (passive) at (40.64, 53.34) has no label, wire, or no_connect.",
      "RN12 pin 6 'R3.2' (passive) at (40.64, 45.72) has no label, wire, or no_connect.",
      "RN12 pin 3 'R3.1' (passive) at (40.64, 53.34) has no label, wire, or no_connect.",
      "RN12 pin 5 'R4.2' (passive) at (40.64, 45.72) has no label, wire, or no_connect.",
      "RN12 pin 4 'R4.1' (passive) at (40.64, 53.34) has no label, wire, or no_connect.",
      "C7 pin 1 '~' (passive) at (226.06, 45.72) has no label, wire, or no_connect."
    ]
  }
]

