# rc=1
# stderr:

# stdout:
[
  {
    "check": "kicad-cli ERC",
    "status": "fail",
    "errors_total": 22,
    "errors_design": 22,
    "warnings_total": 434,
    "warnings_design": 434,
    "report": "/home/reidsurmeier/electronics-stack/test-corpus/audio/polykit-x-monosynth/verify-out/polykit-x-monosynth-erc.rpt"
  },
  {
    "check": "Connectivity audit (passive-pin floats)",
    "status": "fail",
    "findings": 80,
    "high": 4,
    "details": [
      "#PWR011 pin 1 'GND' (power_in) at (167.64, 35.56) has no label, wire, or no_connect.",
      "R2 pin 1 '~' (passive) at (58.42, 69.85) has no label, wire, or no_connect.",
      "R2 pin 2 '~' (passive) at (58.42, 77.47) has no label, wire, or no_connect.",
      "RV1 pin 1 '1' (passive) at (167.64, 27.94) has no label, wire, or no_connect.",
      "RV1 pin 3 '3' (passive) at (167.64, 35.56) has no label, wire, or no_connect.",
      "R4 pin 1 '~' (passive) at (62.23, 39.37) has no label, wire, or no_connect.",
      "R4 pin 2 '~' (passive) at (62.23, 46.99) has no label, wire, or no_connect.",
      "J3 pin S '~' (passive) at (49.53, 71.11999999999999) has no label, wire, or no_connect.",
      "SW7 pin 1 '1' (passive) at (171.45000000000002, 129.54000000000002) has no label, wire, or no_connect.",
      "SW7 pin 2 '2' (passive) at (161.29, 132.08) has no label, wire, or no_connect."
    ]
  }
]

