# rc=1
# stderr:

# stdout:
[
  {
    "check": "kicad-cli ERC",
    "status": "fail",
    "errors_total": 14,
    "errors_design": 14,
    "warnings_total": 6,
    "warnings_design": 6,
    "report": "/home/reidsurmeier/electronics-stack/test-corpus/audio/vna/breakouts/loop_injector/loop_injector/verify-out/loop_injector-erc.rpt"
  },
  {
    "check": "Connectivity audit (passive-pin floats)",
    "status": "fail",
    "findings": 24,
    "high": 24,
    "details": [
      "U1 pin 1 '~' (output) at (105.41000000000001, 115.57) has no label, wire, or no_connect.",
      "U1 pin 2 '-' (input) at (90.17, 118.11) has no label, wire, or no_connect.",
      "U1 pin 3 '+' (input) at (90.17, 113.02999999999999) has no label, wire, or no_connect.",
      "U1 pin 5 '+' (input) at (90.17, 113.02999999999999) has no label, wire, or no_connect.",
      "U1 pin 6 '-' (input) at (90.17, 118.11) has no label, wire, or no_connect.",
      "U1 pin 7 '~' (output) at (105.41000000000001, 115.57) has no label, wire, or no_connect.",
      "U1 pin 4 'V-' (power_in) at (95.25, 123.19) has no label, wire, or no_connect.",
      "U1 pin 8 'V+' (power_in) at (95.25, 107.94999999999999) has no label, wire, or no_connect.",
      "U1 pin 1 '~' (output) at (85.09, 92.71) has no label, wire, or no_connect.",
      "U1 pin 2 '-' (input) at (69.85, 95.25) has no label, wire, or no_connect."
    ]
  }
]

