# rc=1
# stderr:

# stdout:
[
  {
    "check": "kicad-cli ERC",
    "status": "fail",
    "errors_total": 3,
    "errors_design": 3,
    "warnings_total": 79,
    "warnings_design": 79,
    "report": "/home/reidsurmeier/electronics-stack/test-corpus/audio/vna/breakouts/usb_pd/usb_pd/verify-out/usb_pd-erc.rpt"
  },
  {
    "check": "Connectivity audit (passive-pin floats)",
    "status": "pass",
    "findings": 35,
    "high": 0,
    "details": [
      "R104 pin 1 '~' (passive) at (109.22, 46.99) has no label, wire, or no_connect.",
      "R104 pin 2 '~' (passive) at (109.22, 52.07) has no label, wire, or no_connect.",
      "R105 pin 1 '~' (passive) at (109.22, 49.53) has no label, wire, or no_connect.",
      "R105 pin 2 '~' (passive) at (109.22, 54.61) has no label, wire, or no_connect.",
      "R112 pin 1 '~' (passive) at (223.52, 87.63) has no label, wire, or no_connect.",
      "R112 pin 2 '~' (passive) at (223.52, 92.71000000000001) has no label, wire, or no_connect.",
      "D105 pin 1 'K' (passive) at (120.64999999999999, 82.55) has no label, wire, or no_connect.",
      "D105 pin 2 'A' (passive) at (125.73, 82.55) has no label, wire, or no_connect.",
      "FB101 pin 1 '~' (passive) at (111.76, 31.75) has no label, wire, or no_connect.",
      "FB101 pin 2 '~' (passive) at (111.76, 36.83) has no label, wire, or no_connect."
    ]
  }
]

