# rc=1
# stderr:

# stdout:
[
  {
    "check": "kicad-cli ERC",
    "status": "fail",
    "errors_total": 7,
    "errors_design": 7,
    "warnings_total": 100,
    "warnings_design": 100,
    "report": "/home/reidsurmeier/electronics-stack/test-corpus/audio/vna/hardware/mm_reflectometer/evalboards/mamx_011036/verify-out/mamx_011036-erc.rpt"
  },
  {
    "check": "Connectivity audit (passive-pin floats)",
    "status": "fail",
    "findings": 21,
    "high": 3,
    "details": [
      "R5 pin 1 '~' (passive) at (119.38, 162.56) has no label, wire, or no_connect.",
      "R5 pin 2 '~' (passive) at (119.38, 167.64) has no label, wire, or no_connect.",
      "R6 pin 1 '~' (passive) at (128.27, 27.94) has no label, wire, or no_connect.",
      "R6 pin 2 '~' (passive) at (128.27, 33.02) has no label, wire, or no_connect.",
      "R7 pin 1 '~' (passive) at (129.54, 77.47) has no label, wire, or no_connect.",
      "R7 pin 2 '~' (passive) at (129.54, 82.55000000000001) has no label, wire, or no_connect.",
      "R8 pin 1 '~' (passive) at (143.51, 162.56) has no label, wire, or no_connect.",
      "R8 pin 2 '~' (passive) at (143.51, 167.64) has no label, wire, or no_connect.",
      "J1 pin 1 'Pin_1' (passive) at (17.78, 82.55) has no label, wire, or no_connect.",
      "J1 pin 2 'Pin_2' (passive) at (17.78, 85.09) has no label, wire, or no_connect."
    ]
  }
]

