# rc=1
# stderr:

# stdout:
[
  {
    "check": "kicad-cli ERC",
    "status": "fail",
    "errors_total": 2,
    "errors_design": 2,
    "warnings_total": 206,
    "warnings_design": 206,
    "report": "/home/reidsurmeier/electronics-stack/test-corpus/devboards/Battery-Powered-STM32-Board-With-USB/Hardware/verify-out/ORBIT-erc.rpt"
  },
  {
    "check": "Connectivity audit (passive-pin floats)",
    "status": "fail",
    "findings": 36,
    "high": 3,
    "details": [
      "C11 pin 2 '~' (passive) at (71.12, 73.66000000000001) has no label, wire, or no_connect.",
      "BAT1 pin 1 'Pin_1' (passive) at (281.94, 38.1) has no label, wire, or no_connect.",
      "BAT1 pin 2 'Pin_2' (passive) at (281.94, 40.64) has no label, wire, or no_connect.",
      "J2 pin 1 'Pin_1' (passive) at (96.52, 173.99) has no label, wire, or no_connect.",
      "J2 pin 2 'Pin_2' (passive) at (96.52, 176.53) has no label, wire, or no_connect.",
      "J2 pin 3 'Pin_3' (passive) at (96.52, 179.07000000000002) has no label, wire, or no_connect.",
      "J2 pin 4 'Pin_4' (passive) at (96.52, 181.61) has no label, wire, or no_connect.",
      "J2 pin 5 'Pin_5' (passive) at (96.52, 184.15) has no label, wire, or no_connect.",
      "J2 pin 6 'Pin_6' (passive) at (96.52, 186.69000000000003) has no label, wire, or no_connect.",
      "J2 pin 7 'Pin_7' (passive) at (96.52, 189.23000000000002) has no label, wire, or no_connect."
    ]
  }
]

