# rc=1
# stderr:

# stdout:
[
  {
    "check": "kicad-cli ERC",
    "status": "fail",
    "errors_total": 5,
    "errors_design": 5,
    "warnings_total": 36,
    "warnings_design": 36,
    "report": "/home/reidsurmeier/electronics-stack/test-corpus/devboards/boardsmith/examples/output/02_co2_monitor/verify-out/boardsmith-erc.rpt"
  },
  {
    "check": "Connectivity audit (passive-pin floats)",
    "status": "fail",
    "findings": 73,
    "high": 37,
    "details": [
      "U4 pin 5 'MOSI' (input) at (203.20000000000002, 90.16999999999999) has no label, wire, or no_connect.",
      "U4 pin 6 'MISO' (tri_state) at (203.20000000000002, 92.71) has no label, wire, or no_connect.",
      "U4 pin 7 'SCLK' (input) at (203.20000000000002, 95.25) has no label, wire, or no_connect.",
      "C1 pin 1 '~' (passive) at (148.59, 71.12) has no label, wire, or no_connect.",
      "C1 pin 2 '~' (passive) at (151.13000000000002, 71.12) has no label, wire, or no_connect.",
      "C2 pin 1 '~' (passive) at (148.59, 81.28) has no label, wire, or no_connect.",
      "C2 pin 2 '~' (passive) at (151.13000000000002, 81.28) has no label, wire, or no_connect.",
      "C3 pin 1 '~' (passive) at (148.59, 91.44) has no label, wire, or no_connect.",
      "C3 pin 2 '~' (passive) at (151.13000000000002, 91.44) has no label, wire, or no_connect.",
      "C4 pin 1 '~' (passive) at (148.59, 101.6) has no label, wire, or no_connect."
    ]
  }
]

