# rc=1
# stderr:

# stdout:
[
  {
    "check": "kicad-cli ERC",
    "status": "pass",
    "errors_total": 0,
    "errors_design": 0,
    "warnings_total": 17,
    "warnings_design": 17,
    "report": "/home/reidsurmeier/electronics-stack/test-corpus/devboards/boardsmith/examples/output/03_lora_node/verify-out/boardsmith-erc.rpt"
  },
  {
    "check": "Connectivity audit (passive-pin floats)",
    "status": "fail",
    "findings": 30,
    "high": 15,
    "details": [
      "C1 pin 1 '~' (passive) at (148.59, 86.36) has no label, wire, or no_connect.",
      "C1 pin 2 '~' (passive) at (151.13000000000002, 86.36) has no label, wire, or no_connect.",
      "C2 pin 1 '~' (passive) at (148.59, 104.14) has no label, wire, or no_connect.",
      "C2 pin 2 '~' (passive) at (151.13000000000002, 104.14) has no label, wire, or no_connect.",
      "C3 pin 1 '~' (passive) at (148.59, 121.92) has no label, wire, or no_connect.",
      "C3 pin 2 '~' (passive) at (151.13000000000002, 121.92) has no label, wire, or no_connect.",
      "C4 pin 2 '~' (passive) at (151.13000000000002, 139.7) has no label, wire, or no_connect.",
      "C5 pin 1 '~' (passive) at (148.59, 157.48) has no label, wire, or no_connect.",
      "C5 pin 2 '~' (passive) at (151.13000000000002, 157.48) has no label, wire, or no_connect.",
      "C6 pin 2 '~' (passive) at (151.13000000000002, 175.26) has no label, wire, or no_connect."
    ]
  }
]

