# rc=1
# stderr:

# stdout:
[
  {
    "check": "kicad-cli ERC",
    "status": "pass",
    "errors_total": 0,
    "errors_design": 0,
    "warnings_total": 25,
    "warnings_design": 25,
    "report": "/home/reidsurmeier/electronics-stack/test-corpus/devboards/boardsmith/examples/output/06_esp32_wifi_sensor/verify-out/boardsmith-erc.rpt"
  },
  {
    "check": "Connectivity audit (passive-pin floats)",
    "status": "fail",
    "findings": 48,
    "high": 24,
    "details": [
      "C1 pin 1 '~' (passive) at (148.59, 76.2) has no label, wire, or no_connect.",
      "C1 pin 2 '~' (passive) at (151.13000000000002, 76.2) has no label, wire, or no_connect.",
      "C2 pin 1 '~' (passive) at (148.59, 88.9) has no label, wire, or no_connect.",
      "C2 pin 2 '~' (passive) at (151.13000000000002, 88.9) has no label, wire, or no_connect.",
      "C3 pin 1 '~' (passive) at (148.59, 101.6) has no label, wire, or no_connect.",
      "C3 pin 2 '~' (passive) at (151.13000000000002, 101.6) has no label, wire, or no_connect.",
      "C4 pin 1 '~' (passive) at (148.59, 114.3) has no label, wire, or no_connect.",
      "C4 pin 2 '~' (passive) at (151.13000000000002, 114.3) has no label, wire, or no_connect.",
      "C5 pin 1 '~' (passive) at (148.59, 127.0) has no label, wire, or no_connect.",
      "C5 pin 2 '~' (passive) at (151.13000000000002, 127.0) has no label, wire, or no_connect."
    ]
  }
]

