# rc=1
# stderr:

# stdout:
[
  {
    "check": "kicad-cli ERC",
    "status": "pass",
    "errors_total": 0,
    "errors_design": 0,
    "warnings_total": 35,
    "warnings_design": 35,
    "report": "/home/reidsurmeier/electronics-stack/test-corpus/devboards/boardsmith/examples/output/07_rp2040_rgb_led/verify-out/boardsmith-erc.rpt"
  },
  {
    "check": "Connectivity audit (passive-pin floats)",
    "status": "fail",
    "findings": 72,
    "high": 36,
    "details": [
      "C1 pin 1 '~' (passive) at (148.59, 50.8) has no label, wire, or no_connect.",
      "C1 pin 2 '~' (passive) at (151.13000000000002, 50.8) has no label, wire, or no_connect.",
      "C2 pin 1 '~' (passive) at (148.59, 60.96) has no label, wire, or no_connect.",
      "C2 pin 2 '~' (passive) at (151.13000000000002, 60.96) has no label, wire, or no_connect.",
      "C3 pin 1 '~' (passive) at (148.59, 71.12) has no label, wire, or no_connect.",
      "C3 pin 2 '~' (passive) at (151.13000000000002, 71.12) has no label, wire, or no_connect.",
      "C4 pin 1 '~' (passive) at (148.59, 81.28) has no label, wire, or no_connect.",
      "C4 pin 2 '~' (passive) at (151.13000000000002, 81.28) has no label, wire, or no_connect.",
      "C5 pin 1 '~' (passive) at (148.59, 91.44) has no label, wire, or no_connect.",
      "C5 pin 2 '~' (passive) at (151.13000000000002, 91.44) has no label, wire, or no_connect."
    ]
  }
]

