# rc=1
# stderr:

# stdout:
[
  {
    "check": "kicad-cli ERC",
    "status": "pass",
    "errors_total": 0,
    "errors_design": 0,
    "warnings_total": 23,
    "warnings_design": 23,
    "report": "/home/reidsurmeier/electronics-stack/test-corpus/devboards/boardsmith/examples/output/09_esp32_battery/verify-out/boardsmith-erc.rpt"
  },
  {
    "check": "Connectivity audit (passive-pin floats)",
    "status": "fail",
    "findings": 44,
    "high": 22,
    "details": [
      "C1 pin 1 '~' (passive) at (148.59, 77.47) has no label, wire, or no_connect.",
      "C1 pin 2 '~' (passive) at (151.13000000000002, 77.47) has no label, wire, or no_connect.",
      "C2 pin 1 '~' (passive) at (148.59, 91.44) has no label, wire, or no_connect.",
      "C2 pin 2 '~' (passive) at (151.13000000000002, 91.44) has no label, wire, or no_connect.",
      "C3 pin 1 '~' (passive) at (148.59, 104.14) has no label, wire, or no_connect.",
      "C3 pin 2 '~' (passive) at (151.13000000000002, 104.14) has no label, wire, or no_connect.",
      "C4 pin 1 '~' (passive) at (148.59, 118.11) has no label, wire, or no_connect.",
      "C4 pin 2 '~' (passive) at (151.13000000000002, 118.11) has no label, wire, or no_connect.",
      "C5 pin 2 '~' (passive) at (151.13000000000002, 132.08) has no label, wire, or no_connect.",
      "C6 pin 1 '~' (passive) at (148.59, 144.78) has no label, wire, or no_connect."
    ]
  }
]

