# rc=0
# stderr:

# stdout:
[
  {
    "check": "kicad-cli ERC",
    "status": "pass",
    "errors_total": 0,
    "errors_design": 0,
    "warnings_total": 40,
    "warnings_design": 40,
    "report": "/home/reidsurmeier/electronics-stack/test-corpus/devboards/flipper-zero-backpacks/pcb/Connecting-piece/verify-out/Connecting-piece-erc.rpt"
  },
  {
    "check": "Connectivity audit (passive-pin floats)",
    "status": "pass",
    "findings": 34,
    "high": 0,
    "details": [
      "J19 pin 1 'Pin_1' (passive) at (166.36999999999998, 81.28) has no label, wire, or no_connect.",
      "J17 pin 1 'Pin_1' (passive) at (161.29, 81.28) has no label, wire, or no_connect.",
      "J10 pin 1 'Pin_1' (passive) at (127.00000000000001, 81.28) has no label, wire, or no_connect.",
      "J16 pin 1 'Pin_1' (passive) at (158.75, 81.28) has no label, wire, or no_connect.",
      "J12 pin 1 'Pin_1' (passive) at (148.58999999999997, 81.28) has no label, wire, or no_connect.",
      "J11 pin 1 'Pin_1' (passive) at (146.04999999999998, 81.28) has no label, wire, or no_connect.",
      "J2 pin 1 'Pin_1' (passive) at (166.37, 93.98) has no label, wire, or no_connect.",
      "J2 pin 10 'Pin_10' (passive) at (166.37, 116.84) has no label, wire, or no_connect.",
      "J2 pin 2 'Pin_2' (passive) at (166.37, 96.52) has no label, wire, or no_connect.",
      "J2 pin 4 'Pin_4' (passive) at (166.37, 101.6) has no label, wire, or no_connect."
    ]
  }
]

