# rc=1
# stderr:

# stdout:
[
  {
    "check": "kicad-cli ERC",
    "status": "pass",
    "errors_total": 0,
    "errors_design": 0,
    "warnings_total": 473,
    "warnings_design": 473,
    "report": "/home/reidsurmeier/electronics-stack/test-corpus/devboards/tokay-lite-pcb/ai-camera-rev3.2/verify-out/ai-camera-rev3.2-erc.rpt"
  },
  {
    "check": "Connectivity audit (passive-pin floats)",
    "status": "fail",
    "findings": 258,
    "high": 98,
    "details": [
      "U8 pin 1 'GND' (power_in) at (260.35, 162.56) has no label, wire, or no_connect.",
      "TP24 pin 1 '1' (passive) at (285.75, 246.38) has no label, wire, or no_connect.",
      "#PWR081 pin 1 '~' (power_in) at (264.16, 269.24) has no label, wire, or no_connect.",
      "#PWR088 pin 1 '~' (power_in) at (285.75, 238.76) has no label, wire, or no_connect.",
      "TP6 pin 1 '1' (passive) at (237.49, 254.0) has no label, wire, or no_connect.",
      "#PWR0112 pin 1 '~' (power_in) at (396.24, 226.06) has no label, wire, or no_connect.",
      "R30 pin 1 '~' (passive) at (236.22, 86.36) has no label, wire, or no_connect.",
      "R30 pin 2 '~' (passive) at (236.22, 93.98) has no label, wire, or no_connect.",
      "TP20 pin 1 '1' (passive) at (264.16, 269.24) has no label, wire, or no_connect.",
      "Q6 pin 1 'G' (input) at (139.70000000000002, 110.49) has no label, wire, or no_connect."
    ]
  }
]

