# rc=1
# stderr:

# stdout:
[
  {
    "check": "kicad-cli ERC",
    "status": "pass",
    "errors_total": 0,
    "errors_design": 0,
    "warnings_total": 50,
    "warnings_design": 50,
    "report": "/home/reidsurmeier/electronics-stack/test-corpus/hats/DNMS/PCBs/DNMS-RPI-HAT/DNMS-RPI-HAT-V1.0/verify-out/DNMS-RPI-HAT-V1.0-erc.rpt"
  },
  {
    "check": "Connectivity audit (passive-pin floats)",
    "status": "fail",
    "findings": 16,
    "high": 10,
    "details": [
      "C1 pin 1 '~' (passive) at (80.01, 176.53) has no label, wire, or no_connect.",
      "C1 pin 2 '~' (passive) at (80.01, 184.15) has no label, wire, or no_connect.",
      "C2 pin 1 '~' (passive) at (100.33, 176.53) has no label, wire, or no_connect.",
      "C2 pin 2 '~' (passive) at (100.33, 184.15) has no label, wire, or no_connect.",
      "U2 pin 4 'GND' (power_in) at (114.3, 162.56) has no label, wire, or no_connect.",
      "U2 pin 8 'VCC' (power_in) at (114.3, 134.62) has no label, wire, or no_connect.",
      "#PWR019 pin 1 '+3V3' (power_in) at (114.3, 134.62) has no label, wire, or no_connect.",
      "#PWR011 pin 1 'GND' (power_in) at (114.3, 162.56) has no label, wire, or no_connect.",
      "#PWR08 pin 1 'GND' (power_in) at (100.33, 184.15) has no label, wire, or no_connect.",
      "#PWR027 pin 1 '+5V' (power_in) at (100.33, 176.53) has no label, wire, or no_connect."
    ]
  }
]

