# rc=1
# stderr:

# stdout:
[
  {
    "check": "kicad-cli ERC",
    "status": "fail",
    "errors_total": 2,
    "errors_design": 2,
    "warnings_total": 58,
    "warnings_design": 58,
    "report": "/home/reidsurmeier/electronics-stack/test-corpus/hats/DNMS/PCBs/IM72D128 microphone PCB/IM72D128-Tube-PCB-V1.0/verify-out/IM72D128-Tube-PCB-erc.rpt"
  },
  {
    "check": "Connectivity audit (passive-pin floats)",
    "status": "fail",
    "findings": 9,
    "high": 7,
    "details": [
      "U2 pin C1 'GND' (power_in) at (234.95000000000002, 139.70000000000002) has no label, wire, or no_connect.",
      "#PWR0114 pin 1 'GND' (power_in) at (234.95, 139.7) has no label, wire, or no_connect.",
      "C3 pin 2 '~' (passive) at (251.46, 142.24) has no label, wire, or no_connect.",
      "U1 pin 4 'NC' (no_connect) at (63.5, 133.35) has no label, wire, or no_connect.",
      "#PWR0121 pin 1 'GND' (power_in) at (251.46, 142.24) has no label, wire, or no_connect.",
      "#PWR0104 pin 1 'GND' (power_in) at (39.37, 161.29) has no label, wire, or no_connect.",
      "#FLG0101 pin 1 'pwr' (power_out) at (72.39, 161.29) has no label, wire, or no_connect.",
      "#FLG0102 pin 1 'pwr' (power_out) at (39.37, 161.29) has no label, wire, or no_connect.",
      "#PWR0103 pin 1 '+3.3V' (power_in) at (72.39, 161.29) has no label, wire, or no_connect."
    ]
  }
]

