# rc=1
# stderr:

# stdout:
[
  {
    "check": "kicad-cli ERC",
    "status": "fail",
    "errors_total": 399,
    "errors_design": 399,
    "warnings_total": 454,
    "warnings_design": 454,
    "report": "/home/reidsurmeier/electronics-stack/test-corpus/hats/SPIRIT/EDA-kicad/verify-out/cm5-carrier-erc.rpt"
  },
  {
    "check": "Connectivity audit (passive-pin floats)",
    "status": "fail",
    "findings": 378,
    "high": 264,
    "details": [
      "#PWR049 pin 1 'GND' (power_in) at (590.55, 267.97) has no label, wire, or no_connect.",
      "Module1 pin 2 'GND' (power_in) at (231.14000000000001, 78.74000000000001) has no label, wire, or no_connect.",
      "Module1 pin 4 'Ethernet_Pair1_P' (passive) at (231.14000000000001, 81.28) has no label, wire, or no_connect.",
      "Module1 pin 6 'Ethernet_Pair1_N' (passive) at (231.14000000000001, 83.82000000000001) has no label, wire, or no_connect.",
      "Module1 pin 8 'GND' (power_in) at (231.14000000000001, 86.36000000000001) has no label, wire, or no_connect.",
      "Module1 pin 10 'Ethernet_Pair0_N' (passive) at (231.14000000000001, 88.9) has no label, wire, or no_connect.",
      "Module1 pin 12 'Ethernet_Pair0_P' (passive) at (231.14000000000001, 91.44) has no label, wire, or no_connect.",
      "Module1 pin 14 'GND' (power_in) at (231.14000000000001, 93.98) has no label, wire, or no_connect.",
      "Module1 pin 16 'FAN_TACHO' (input) at (231.14000000000001, 96.52000000000001) has no label, wire, or no_connect.",
      "Module1 pin 18 'Ethernet_SYNC_OUT(3.3v)' (input) at (231.14000000000001, 99.06) has no label, wire, or no_connect."
    ]
  }
]

