# rc=1
# stderr:

# stdout:
[
  {
    "check": "kicad-cli ERC",
    "status": "fail",
    "errors_total": 24,
    "errors_design": 24,
    "warnings_total": 191,
    "warnings_design": 191,
    "report": "/home/reidsurmeier/electronics-stack/test-corpus/hats/arduinoX86/shields/286_V3/kicad/verify-out/arduino_286_V3-erc.rpt"
  },
  {
    "check": "Connectivity audit (passive-pin floats)",
    "status": "fail",
    "findings": 173,
    "high": 50,
    "details": [
      "U3 pin 14 'VCC' (power_in) at (208.28, 383.54) has no label, wire, or no_connect.",
      "U3 pin 7 'GND' (power_in) at (208.28, 408.94) has no label, wire, or no_connect.",
      "U5 pin 1 'NC' (no_connect) at (368.3, 254.00000000000003) has no label, wire, or no_connect.",
      "U13 pin 14 'NC' (no_connect) at (369.57, 60.96000000000001) has no label, wire, or no_connect.",
      "U3 pin 1 '~' (input) at (309.88, 336.55) has no label, wire, or no_connect.",
      "U3 pin 2 '~' (output) at (325.12, 336.55) has no label, wire, or no_connect.",
      "U3 pin 3 '~' (input) at (309.88, 336.55) has no label, wire, or no_connect.",
      "U3 pin 4 '~' (output) at (325.12, 336.55) has no label, wire, or no_connect.",
      "U3 pin 5 '~' (input) at (309.88, 336.55) has no label, wire, or no_connect.",
      "U3 pin 6 '~' (output) at (325.12, 336.55) has no label, wire, or no_connect."
    ]
  }
]

