# rc=1
# stderr:

# stdout:
[
  {
    "check": "kicad-cli ERC",
    "status": "fail",
    "errors_total": 59,
    "errors_design": 59,
    "warnings_total": 162,
    "warnings_design": 162,
    "report": "/home/reidsurmeier/electronics-stack/test-corpus/hats/arduinoX86/shields/386EX_387SX/kicad/verify-out/arduino_386_387-erc.rpt"
  },
  {
    "check": "Connectivity audit (passive-pin floats)",
    "status": "fail",
    "findings": 275,
    "high": 75,
    "details": [
      "R7 pin 1 '~' (passive) at (353.06, 58.42) has no label, wire, or no_connect.",
      "R7 pin 2 '~' (passive) at (353.06, 63.5) has no label, wire, or no_connect.",
      "C8 pin 1 '~' (passive) at (58.42, 311.15) has no label, wire, or no_connect.",
      "C8 pin 2 '~' (passive) at (58.42, 318.77) has no label, wire, or no_connect.",
      "J3 pin 1 'Pin_1' (passive) at (450.84999999999997, 86.36) has no label, wire, or no_connect.",
      "J3 pin 2 'Pin_2' (passive) at (450.84999999999997, 88.9) has no label, wire, or no_connect.",
      "J3 pin 3 'Pin_3' (passive) at (450.84999999999997, 91.44000000000001) has no label, wire, or no_connect.",
      "J3 pin 4 'Pin_4' (passive) at (450.84999999999997, 93.98) has no label, wire, or no_connect.",
      "C4 pin 1 '~' (passive) at (58.42, 275.59) has no label, wire, or no_connect.",
      "C4 pin 2 '~' (passive) at (58.42, 283.21) has no label, wire, or no_connect."
    ]
  }
]

