# rc=1
# stderr:

# stdout:
[
  {
    "check": "kicad-cli ERC",
    "status": "fail",
    "errors_total": 39,
    "errors_design": 39,
    "warnings_total": 173,
    "warnings_design": 173,
    "report": "/home/reidsurmeier/electronics-stack/test-corpus/hats/arduinoX86/shields/386EX_V4/kicad/verify-out/arduino_386EX_V4-erc.rpt"
  },
  {
    "check": "Connectivity audit (passive-pin floats)",
    "status": "fail",
    "findings": 292,
    "high": 99,
    "details": [
      "U3 pin 14 'VCC' (power_in) at (287.02, 99.06) has no label, wire, or no_connect.",
      "U3 pin 7 'GND' (power_in) at (287.02, 124.46000000000001) has no label, wire, or no_connect.",
      "R7 pin 1 '~' (passive) at (358.14, 58.42) has no label, wire, or no_connect.",
      "R7 pin 2 '~' (passive) at (358.14, 63.5) has no label, wire, or no_connect.",
      "C8 pin 1 '~' (passive) at (58.42, 339.09) has no label, wire, or no_connect.",
      "C8 pin 2 '~' (passive) at (58.42, 346.71) has no label, wire, or no_connect.",
      "J3 pin 1 'Pin_1' (passive) at (450.84999999999997, 86.36) has no label, wire, or no_connect.",
      "J3 pin 2 'Pin_2' (passive) at (450.84999999999997, 88.9) has no label, wire, or no_connect.",
      "J3 pin 3 'Pin_3' (passive) at (450.84999999999997, 91.44000000000001) has no label, wire, or no_connect.",
      "J3 pin 4 'Pin_4' (passive) at (450.84999999999997, 93.98) has no label, wire, or no_connect."
    ]
  }
]

