# rc=1
# stderr:

# stdout:
[
  {
    "check": "kicad-cli ERC",
    "status": "fail",
    "errors_total": 27,
    "errors_design": 27,
    "warnings_total": 170,
    "warnings_design": 170,
    "report": "/home/reidsurmeier/electronics-stack/test-corpus/hats/arduinoX86/shields/386EX_V5/kicad/verify-out/arduino_386EX_V5-erc.rpt"
  },
  {
    "check": "Connectivity audit (passive-pin floats)",
    "status": "fail",
    "findings": 102,
    "high": 33,
    "details": [
      "U3 pin 14 'VCC' (power_in) at (64.77, 293.37) has no label, wire, or no_connect.",
      "U3 pin 7 'GND' (power_in) at (64.77, 318.77) has no label, wire, or no_connect.",
      "R11 pin 1 '~' (passive) at (135.89, 252.73000000000002) has no label, wire, or no_connect.",
      "R11 pin 2 '~' (passive) at (135.89, 257.81) has no label, wire, or no_connect.",
      "D3 pin 1 'K' (passive) at (533.4, 199.39) has no label, wire, or no_connect.",
      "D3 pin 2 'A' (passive) at (548.64, 199.39) has no label, wire, or no_connect.",
      "U3 pin 1 '~' (input) at (166.37, 246.38) has no label, wire, or no_connect.",
      "U3 pin 2 '~' (output) at (181.61, 246.38) has no label, wire, or no_connect.",
      "U3 pin 3 '~' (input) at (166.37, 246.38) has no label, wire, or no_connect.",
      "U3 pin 4 '~' (output) at (181.61, 246.38) has no label, wire, or no_connect."
    ]
  }
]

