# rc=1
# stderr:

# stdout:
[
  {
    "check": "kicad-cli ERC",
    "status": "fail",
    "errors_total": 53,
    "errors_design": 53,
    "warnings_total": 103,
    "warnings_design": 103,
    "report": "/home/reidsurmeier/electronics-stack/test-corpus/hats/arduinoX86/shields/387SX_V2/kicad/verify-out/arduino_387SX_V2-erc.rpt"
  },
  {
    "check": "Connectivity audit (passive-pin floats)",
    "status": "fail",
    "findings": 103,
    "high": 17,
    "details": [
      "J3 pin 1 'Pin_1' (passive) at (293.37, 44.45) has no label, wire, or no_connect.",
      "J3 pin 2 'Pin_2' (passive) at (293.37, 46.99) has no label, wire, or no_connect.",
      "J3 pin 3 'Pin_3' (passive) at (293.37, 49.53) has no label, wire, or no_connect.",
      "J3 pin 4 'Pin_4' (passive) at (293.37, 52.07) has no label, wire, or no_connect.",
      "XA1 pin D0 'D0_RX0' (bidirectional) at (104.13999999999999, 52.07000000000001) has no label, wire, or no_connect.",
      "XA1 pin D1 'D1_TX0' (bidirectional) at (104.13999999999999, 54.61000000000001) has no label, wire, or no_connect.",
      "XA1 pin D19 'D19_RX1' (bidirectional) at (104.13999999999999, 57.150000000000006) has no label, wire, or no_connect.",
      "XA1 pin D18 'D18_TX1' (bidirectional) at (104.13999999999999, 59.690000000000005) has no label, wire, or no_connect.",
      "XA1 pin D17 'D17_RX2' (bidirectional) at (104.13999999999999, 62.230000000000004) has no label, wire, or no_connect.",
      "XA1 pin D16 'D16_TX2' (bidirectional) at (104.13999999999999, 64.77000000000001) has no label, wire, or no_connect."
    ]
  }
]

