# rc=1
# stderr:

# stdout:
[
  {
    "check": "kicad-cli ERC",
    "status": "fail",
    "errors_total": 83,
    "errors_design": 83,
    "warnings_total": 37,
    "warnings_design": 37,
    "report": "/home/reidsurmeier/electronics-stack/test-corpus/hats/arduinoX86/shields/80186/kicad/verify-out/arduino_80186-erc.rpt"
  },
  {
    "check": "Connectivity audit (passive-pin floats)",
    "status": "fail",
    "findings": 50,
    "high": 24,
    "details": [
      "XA1 pin D0 'D0_RX0' (bidirectional) at (24.129999999999995, 33.019999999999996) has no label, wire, or no_connect.",
      "XA1 pin D1 'D1_TX0' (bidirectional) at (24.129999999999995, 35.559999999999995) has no label, wire, or no_connect.",
      "XA1 pin D16 'D16_TX2' (bidirectional) at (24.129999999999995, 45.72) has no label, wire, or no_connect.",
      "XA1 pin D15 'D15_RX3' (bidirectional) at (24.129999999999995, 48.26) has no label, wire, or no_connect.",
      "XA1 pin D14 'D14_TX3' (bidirectional) at (24.129999999999995, 50.8) has no label, wire, or no_connect.",
      "XA1 pin D20 'D20_SDA' (bidirectional) at (24.129999999999995, 53.339999999999996) has no label, wire, or no_connect.",
      "XA1 pin D21 'D21_SCL' (bidirectional) at (24.129999999999995, 55.879999999999995) has no label, wire, or no_connect.",
      "XA1 pin SDA 'SDA' (bidirectional) at (24.129999999999995, 58.419999999999995) has no label, wire, or no_connect.",
      "XA1 pin SCL 'SCL' (bidirectional) at (24.129999999999995, 60.959999999999994) has no label, wire, or no_connect.",
      "XA1 pin A2 'A2' (bidirectional) at (24.129999999999995, 71.11999999999999) has no label, wire, or no_connect."
    ]
  }
]

