# rc=1
# stderr:

# stdout:
[
  {
    "check": "kicad-cli ERC",
    "status": "fail",
    "errors_total": 4,
    "errors_design": 4,
    "warnings_total": 249,
    "warnings_design": 249,
    "report": "/home/reidsurmeier/electronics-stack/test-corpus/keyboards/Klein/PCB/verify-out/klein-erc.rpt"
  },
  {
    "check": "Connectivity audit (passive-pin floats)",
    "status": "fail",
    "findings": 75,
    "high": 12,
    "details": [
      "U2 pin 23 'GND' (power_in) at (135.89, 36.83) has no label, wire, or no_connect.",
      "#PWR0110 pin 1 'GND' (power_in) at (200.66, 157.48) has no label, wire, or no_connect.",
      "RSW1 pin 1 '1' (passive) at (200.66, 157.48) has no label, wire, or no_connect.",
      "J1 pin 1 'Pin_1' (passive) at (15.24, 90.17) has no label, wire, or no_connect.",
      "J1 pin 10 'Pin_10' (passive) at (15.24, 113.03) has no label, wire, or no_connect.",
      "J1 pin 11 'Pin_11' (passive) at (15.24, 115.57000000000001) has no label, wire, or no_connect.",
      "J1 pin 12 'Pin_12' (passive) at (15.24, 118.11) has no label, wire, or no_connect.",
      "J1 pin 2 'Pin_2' (passive) at (15.24, 92.71000000000001) has no label, wire, or no_connect.",
      "J1 pin 3 'Pin_3' (passive) at (15.24, 95.25) has no label, wire, or no_connect.",
      "J1 pin 4 'Pin_4' (passive) at (15.24, 97.79) has no label, wire, or no_connect."
    ]
  }
]

