# rc=1
# stderr:

# stdout:
[
  {
    "check": "kicad-cli ERC",
    "status": "fail",
    "errors_total": 25,
    "errors_design": 25,
    "warnings_total": 221,
    "warnings_design": 221,
    "report": "/home/reidsurmeier/electronics-stack/test-corpus/keyboards/SpaceboardsHardware/Keyboards/Waffle/kicad/verify-out/Pancake_v8-erc.rpt"
  },
  {
    "check": "Connectivity audit (passive-pin floats)",
    "status": "fail",
    "findings": 96,
    "high": 6,
    "details": [
      "D24 pin 1 'K' (passive) at (196.85, 60.96) has no label, wire, or no_connect.",
      "D24 pin 2 'A' (passive) at (201.92999999999998, 60.96) has no label, wire, or no_connect.",
      "D20 pin 1 'K' (passive) at (137.16, 60.96) has no label, wire, or no_connect.",
      "D20 pin 2 'A' (passive) at (142.23999999999998, 60.96) has no label, wire, or no_connect.",
      "D7 pin 1 'K' (passive) at (119.38, 38.1) has no label, wire, or no_connect.",
      "D7 pin 2 'A' (passive) at (124.46000000000001, 38.1) has no label, wire, or no_connect.",
      "U9 pin 12 'P0.26' (bidirectional) at (107.95, 165.1) has no label, wire, or no_connect.",
      "U9 pin 14 'P0.06' (bidirectional) at (107.95, 139.70000000000002) has no label, wire, or no_connect.",
      "U9 pin 16 'P0.08' (bidirectional) at (107.95, 144.78) has no label, wire, or no_connect.",
      "U9 pin 17 'P1.09' (bidirectional) at (153.67000000000002, 157.48000000000002) has no label, wire, or no_connect."
    ]
  }
]

