# rc=1
# stderr:

# stdout:
[
  {
    "check": "kicad-cli ERC",
    "status": "fail",
    "errors_total": 21,
    "errors_design": 21,
    "warnings_total": 162,
    "warnings_design": 162,
    "report": "/home/reidsurmeier/electronics-stack/test-corpus/keyboards/ergo-snm-keyboard/ErgoSNM_Keyboard/prototype/left_prototype_1/verify-out/ErgoSNM_Keyboard_Left_Prototype_1-erc.rpt"
  },
  {
    "check": "Connectivity audit (passive-pin floats)",
    "status": "fail",
    "findings": 106,
    "high": 9,
    "details": [
      "KEY1 pin 2 '2' (passive) at (179.07, 35.56) has no label, wire, or no_connect.",
      "#PWR04 pin 1 'GND' (power_in) at (85.09, 33.02) has no label, wire, or no_connect.",
      "SWD1 pin 1 'Pin_1' (passive) at (85.09, 25.400000000000002) has no label, wire, or no_connect.",
      "SWD1 pin 4 'Pin_4' (passive) at (85.09, 33.02) has no label, wire, or no_connect.",
      "D17 pin 1 'K' (passive) at (251.46, 74.93) has no label, wire, or no_connect.",
      "D17 pin 2 'A' (passive) at (259.08, 74.93) has no label, wire, or no_connect.",
      "KEY14 pin 2 '2' (passive) at (198.12, 71.12) has no label, wire, or no_connect.",
      "D3 pin 1 'K' (passive) at (213.35999999999999, 39.37) has no label, wire, or no_connect.",
      "D3 pin 2 'A' (passive) at (220.98, 39.37) has no label, wire, or no_connect.",
      "D22 pin 1 'K' (passive) at (232.41, 92.71) has no label, wire, or no_connect."
    ]
  }
]

