# rc=1
# stderr:

# stdout:
[
  {
    "check": "kicad-cli ERC",
    "status": "fail",
    "errors_total": 11,
    "errors_design": 11,
    "warnings_total": 154,
    "warnings_design": 154,
    "report": "/home/reidsurmeier/electronics-stack/test-corpus/keyboards/ergo-snm-keyboard/ErgoSNM_Keyboard/prototype/right_prototype_1/verify-out/ErgoSNM_Keyboard_Right_Prototype_1-erc.rpt"
  },
  {
    "check": "Connectivity audit (passive-pin floats)",
    "status": "fail",
    "findings": 104,
    "high": 13,
    "details": [
      "D17 pin 1 'K' (passive) at (248.92, 72.39) has no label, wire, or no_connect.",
      "D17 pin 2 'A' (passive) at (256.53999999999996, 72.39) has no label, wire, or no_connect.",
      "U2 pin 1 'GND' (power_in) at (176.53, 154.305) has no label, wire, or no_connect.",
      "U1 pin 1 'CHRG' (output) at (163.82999999999998, 111.75999999999999) has no label, wire, or no_connect.",
      "U1 pin 5 'STDBY' (output) at (163.82999999999998, 114.3) has no label, wire, or no_connect.",
      "#PWR019 pin 1 'GND' (power_in) at (187.96, 154.94) has no label, wire, or no_connect.",
      "KEY18 pin 2 '2' (passive) at (271.78000000000003, 68.58000000000001) has no label, wire, or no_connect.",
      "D1 pin 1 'K' (passive) at (172.72, 36.83) has no label, wire, or no_connect.",
      "D1 pin 2 'A' (passive) at (180.34, 36.83) has no label, wire, or no_connect.",
      "#PWR04 pin 1 'GND' (power_in) at (82.55, 30.48) has no label, wire, or no_connect."
    ]
  }
]

