# rc=1
# stderr:

# stdout:
[
  {
    "check": "kicad-cli ERC",
    "status": "fail",
    "errors_total": 9,
    "errors_design": 9,
    "warnings_total": 264,
    "warnings_design": 264,
    "report": "/home/reidsurmeier/electronics-stack/test-corpus/keyboards/ergo-snm-keyboard/ErgoSNM_Keyboard/rev2/right/verify-out/ErgoSNM_right-erc.rpt"
  },
  {
    "check": "Connectivity audit (passive-pin floats)",
    "status": "fail",
    "findings": 39,
    "high": 12,
    "details": [
      "LD1 pin 1 'K' (passive) at (49.53, 162.56) has no label, wire, or no_connect.",
      "LD1 pin 2 'A' (passive) at (57.150000000000006, 162.56) has no label, wire, or no_connect.",
      "#PWR012 pin 1 'GND' (power_in) at (31.75, 68.58) has no label, wire, or no_connect.",
      "J2 pin A1 'GND' (passive) at (252.73, 147.32) has no label, wire, or no_connect.",
      "J2 pin A12 'GND' (passive) at (252.73, 147.32) has no label, wire, or no_connect.",
      "J2 pin B1 'GND' (passive) at (252.73, 147.32) has no label, wire, or no_connect.",
      "J2 pin B12 'GND' (passive) at (252.73, 147.32) has no label, wire, or no_connect.",
      "J2 pin S1 'SHIELD' (passive) at (245.10999999999999, 147.32) has no label, wire, or no_connect.",
      "LD2 pin 1 'K' (passive) at (62.230000000000004, 162.56) has no label, wire, or no_connect.",
      "LD2 pin 2 'A' (passive) at (69.85000000000001, 162.56) has no label, wire, or no_connect."
    ]
  }
]

