# rc=1
# stderr:

# stdout:
[
  {
    "check": "kicad-cli ERC",
    "status": "fail",
    "errors_total": 1,
    "errors_design": 1,
    "warnings_total": 42,
    "warnings_design": 42,
    "report": "/home/reidsurmeier/electronics-stack/test-corpus/keyboards/ergo-snm-keyboard/ErgoSNM_Keyboard/rev2/thumb_cluster/verify-out/thumb_cluster-erc.rpt"
  },
  {
    "check": "Connectivity audit (passive-pin floats)",
    "status": "fail",
    "findings": 29,
    "high": 2,
    "details": [
      "KEY2 pin 2 '2' (passive) at (153.67, 99.06) has no label, wire, or no_connect.",
      "D6 pin 1 'K' (passive) at (167.64, 121.92) has no label, wire, or no_connect.",
      "D6 pin 2 'A' (passive) at (175.26, 121.92) has no label, wire, or no_connect.",
      "D4 pin 1 'K' (passive) at (132.07999999999998, 121.92) has no label, wire, or no_connect.",
      "D4 pin 2 'A' (passive) at (139.7, 121.92) has no label, wire, or no_connect.",
      "D1 pin 1 'K' (passive) at (132.07999999999998, 102.87) has no label, wire, or no_connect.",
      "D1 pin 2 'A' (passive) at (139.7, 102.87) has no label, wire, or no_connect.",
      "KEY5 pin 2 '2' (passive) at (153.67, 118.11) has no label, wire, or no_connect.",
      "D3 pin 1 'K' (passive) at (167.64, 102.87) has no label, wire, or no_connect.",
      "D3 pin 2 'A' (passive) at (175.26, 102.87) has no label, wire, or no_connect."
    ]
  }
]

