# rc=1
# stderr:

# stdout:
[
  {
    "check": "kicad-cli ERC",
    "status": "fail",
    "errors_total": 9,
    "errors_design": 9,
    "warnings_total": 227,
    "warnings_design": 227,
    "report": "/home/reidsurmeier/electronics-stack/test-corpus/keyboards/ergo-snm-keyboard/ErgoSNM_Keyboard/rev3/right/verify-out/ErgoSNM_v3_right-erc.rpt"
  },
  {
    "check": "Connectivity audit (passive-pin floats)",
    "status": "fail",
    "findings": 45,
    "high": 13,
    "details": [
      "SW1 pin 1 'A' (passive) at (146.05, 66.03999999999999) has no label, wire, or no_connect.",
      "SW1 pin 2 'B' (passive) at (135.89, 68.58) has no label, wire, or no_connect.",
      "SW1 pin 4 'A' (passive) at (146.05, 66.03999999999999) has no label, wire, or no_connect.",
      "SW1 pin 5 'B' (passive) at (135.89, 68.58) has no label, wire, or no_connect.",
      "R1 pin 1 '~' (passive) at (64.77, 34.29) has no label, wire, or no_connect.",
      "R1 pin 2 '~' (passive) at (64.77, 41.910000000000004) has no label, wire, or no_connect.",
      "U2 pin 3 'GND' (power_in) at (236.22, 41.91) has no label, wire, or no_connect.",
      "U2 pin 5 'L' (power_in) at (226.06, 31.75) has no label, wire, or no_connect.",
      "#PWR013 pin 1 'GND' (power_in) at (152.4, 44.45) has no label, wire, or no_connect.",
      "J1 pin A1 'GND' (passive) at (40.64, 71.12) has no label, wire, or no_connect."
    ]
  }
]

