# rc=1
# stderr:

# stdout:
[
  {
    "check": "kicad-cli ERC",
    "status": "fail",
    "errors_total": 9,
    "errors_design": 9,
    "warnings_total": 183,
    "warnings_design": 183,
    "report": "/home/reidsurmeier/electronics-stack/test-corpus/keyboards/eternal-keypad/pcb-kicad/verify-out/eternal-keypad-erc.rpt"
  },
  {
    "check": "Connectivity audit (passive-pin floats)",
    "status": "fail",
    "findings": 108,
    "high": 31,
    "details": [
      "D15 pin 1 'K' (passive) at (30.480000000000004, 77.47) has no label, wire, or no_connect.",
      "D15 pin 2 'A' (passive) at (35.56, 77.47) has no label, wire, or no_connect.",
      "D1 pin 1 'K' (passive) at (41.910000000000004, 44.45) has no label, wire, or no_connect.",
      "D1 pin 2 'A' (passive) at (46.99, 44.45) has no label, wire, or no_connect.",
      "D2 pin 1 'K' (passive) at (53.34, 44.45) has no label, wire, or no_connect.",
      "D2 pin 2 'A' (passive) at (58.42, 44.45) has no label, wire, or no_connect.",
      "D3 pin 1 'K' (passive) at (64.77, 44.45) has no label, wire, or no_connect.",
      "D3 pin 2 'A' (passive) at (69.85000000000001, 44.45) has no label, wire, or no_connect.",
      "D4 pin 1 'K' (passive) at (76.19999999999999, 44.45) has no label, wire, or no_connect.",
      "D4 pin 2 'A' (passive) at (81.28, 44.45) has no label, wire, or no_connect."
    ]
  }
]

