# rc=1
# stderr:

# stdout:
[
  {
    "check": "kicad-cli ERC",
    "status": "fail",
    "errors_total": 3,
    "errors_design": 3,
    "warnings_total": 101,
    "warnings_design": 101,
    "report": "/home/reidsurmeier/electronics-stack/test-corpus/keyboards/piantor/pcb/left/verify-out/keyboard_pcb-erc.rpt"
  },
  {
    "check": "Connectivity audit (passive-pin floats)",
    "status": "fail",
    "findings": 30,
    "high": 27,
    "details": [
      "#PWR0124 pin 1 'VBUS' (power_in) at (68.58, 29.21) has no label, wire, or no_connect.",
      "#PWR0128 pin 1 'GND' (power_in) at (33.02, 59.69) has no label, wire, or no_connect.",
      "#PWR0111 pin 1 'GND' (power_in) at (68.58, 46.99) has no label, wire, or no_connect.",
      "#PWR0126 pin 1 'GND' (power_in) at (54.61, 109.22) has no label, wire, or no_connect.",
      "#PWR0125 pin 1 'VBUS' (power_in) at (44.45, 127.0) has no label, wire, or no_connect.",
      "#PWR0135 pin 1 'GND' (power_in) at (68.58, 72.39) has no label, wire, or no_connect.",
      "R2 pin 2 '~' (passive) at (44.45, 142.24) has no label, wire, or no_connect.",
      "#PWR0129 pin 1 'GND' (power_in) at (33.02, 72.39) has no label, wire, or no_connect.",
      "J1 pin 1 'SLEEVE' (input) at (36.83, 99.05999999999999) has no label, wire, or no_connect.",
      "J1 pin 2 'TIP' (input) at (36.83, 91.44) has no label, wire, or no_connect."
    ]
  }
]

