# rc=1
# stderr:

# stdout:
[
  {
    "check": "kicad-cli ERC",
    "status": "fail",
    "errors_total": 3,
    "errors_design": 3,
    "warnings_total": 211,
    "warnings_design": 211,
    "report": "/home/reidsurmeier/electronics-stack/test-corpus/keyboards/pinci/pcb/verify-out/pinci-erc.rpt"
  },
  {
    "check": "Connectivity audit (passive-pin floats)",
    "status": "fail",
    "findings": 128,
    "high": 88,
    "details": [
      "#PWR? pin 1 'VBUS' (power_in) at (74.295, 130.175) has no label, wire, or no_connect.",
      "#PWR? pin 1 'VBUS' (power_in) at (74.295, 132.715) has no label, wire, or no_connect.",
      "#PWR05 pin 1 '+3V3' (power_in) at (74.295, 140.335) has no label, wire, or no_connect.",
      "#PWR? pin 1 'VBUS' (power_in) at (136.525, 130.175) has no label, wire, or no_connect.",
      "#PWR? pin 1 'VBUS' (power_in) at (136.525, 132.715) has no label, wire, or no_connect.",
      "#PWR06 pin 1 '+3V3' (power_in) at (136.525, 140.335) has no label, wire, or no_connect.",
      "#PWR? pin 1 'VBUS' (power_in) at (210.185, 140.335) has no label, wire, or no_connect.",
      "#PWR021 pin 1 '+3V3' (power_in) at (247.015, 80.645) has no label, wire, or no_connect.",
      "#PWR? pin 1 'VBUS' (power_in) at (258.445, 140.335) has no label, wire, or no_connect.",
      "#PWR027 pin 1 'GND' (power_in) at (36.195, 31.75) has no label, wire, or no_connect."
    ]
  }
]

