# rc=1
# stderr:

# stdout:
[
  {
    "check": "kicad-cli ERC",
    "status": "fail",
    "errors_total": 1,
    "errors_design": 1,
    "warnings_total": 121,
    "warnings_design": 121,
    "report": "/home/reidsurmeier/electronics-stack/test-corpus/keyboards/temper/pcb/verify-out/temper-erc.rpt"
  },
  {
    "check": "Connectivity audit (passive-pin floats)",
    "status": "fail",
    "findings": 68,
    "high": 8,
    "details": [
      "SW1 pin 2 '2' (passive) at (57.15, 43.815) has no label, wire, or no_connect.",
      "D1 pin 1 'K' (passive) at (53.339999999999996, 47.625) has no label, wire, or no_connect.",
      "D1 pin 2 'A' (passive) at (60.96, 47.625) has no label, wire, or no_connect.",
      "SW2 pin 2 '2' (passive) at (74.93, 43.815) has no label, wire, or no_connect.",
      "D2 pin 1 'K' (passive) at (71.12, 47.625) has no label, wire, or no_connect.",
      "D2 pin 2 'A' (passive) at (78.74000000000001, 47.625) has no label, wire, or no_connect.",
      "SW3 pin 2 '2' (passive) at (92.71000000000001, 43.815) has no label, wire, or no_connect.",
      "SW4 pin 2 '2' (passive) at (110.49000000000001, 43.815) has no label, wire, or no_connect.",
      "SW5 pin 2 '2' (passive) at (128.27, 43.815) has no label, wire, or no_connect.",
      "D3 pin 1 'K' (passive) at (88.89999999999999, 47.625) has no label, wire, or no_connect."
    ]
  }
]

