# rc=1
# stderr:

# stdout:
[
  {
    "check": "kicad-cli ERC",
    "status": "fail",
    "errors_total": 146,
    "errors_design": 146,
    "warnings_total": 10,
    "warnings_design": 10,
    "report": "/home/reidsurmeier/electronics-stack/test-corpus/makertools/3dPrinter/verify-out/Riverhawk-3D-Printer-erc.rpt"
  },
  {
    "check": "Connectivity audit (passive-pin floats)",
    "status": "fail",
    "findings": 97,
    "high": 69,
    "details": [
      "A3 pin 13 '~{RESET}' (input) at (170.18, 120.65) has no label, wire, or no_connect.",
      "A3 pin 14 '~{SLEEP}' (input) at (170.18, 123.19) has no label, wire, or no_connect.",
      "A3 pin 9 '~{ENABLE}' (input) at (170.18, 128.27) has no label, wire, or no_connect.",
      "A3 pin 15 'STEP' (input) at (170.18, 130.81) has no label, wire, or no_connect.",
      "A3 pin 16 'DIR' (input) at (170.18, 133.35) has no label, wire, or no_connect.",
      "A3 pin 10 'MS1' (input) at (170.18, 138.43) has no label, wire, or no_connect.",
      "A3 pin 11 'MS2' (input) at (170.18, 140.97) has no label, wire, or no_connect.",
      "A3 pin 12 'MS3' (input) at (170.18, 143.51) has no label, wire, or no_connect.",
      "A3 pin 2 'VDD' (power_in) at (180.34, 113.03) has no label, wire, or no_connect.",
      "A3 pin 1 'GND' (power_in) at (180.34, 151.13) has no label, wire, or no_connect."
    ]
  }
]

