# rc=0
# stderr:

# stdout:
[
  {
    "check": "kicad-cli ERC",
    "status": "pass",
    "errors_total": 0,
    "errors_design": 0,
    "warnings_total": 278,
    "warnings_design": 278,
    "report": "/home/reidsurmeier/electronics-stack/test-corpus/makertools/grblpanel_keypad_6x11/verify-out/Keypad_6x11-erc.rpt"
  },
  {
    "check": "Connectivity audit (passive-pin floats)",
    "status": "pass",
    "findings": 132,
    "high": 0,
    "details": [
      "SW1 pin 2 '2' (passive) at (57.15, 46.99) has no label, wire, or no_connect.",
      "D1 pin 1 'K' (passive) at (57.15, 46.99) has no label, wire, or no_connect.",
      "SW2 pin 2 '2' (passive) at (76.2, 46.99) has no label, wire, or no_connect.",
      "D2 pin 1 'K' (passive) at (76.2, 46.99) has no label, wire, or no_connect.",
      "SW3 pin 2 '2' (passive) at (95.25, 46.99) has no label, wire, or no_connect.",
      "D3 pin 1 'K' (passive) at (95.25, 46.99) has no label, wire, or no_connect.",
      "SW4 pin 2 '2' (passive) at (114.3, 46.99) has no label, wire, or no_connect.",
      "D4 pin 1 'K' (passive) at (114.3, 46.99) has no label, wire, or no_connect.",
      "SW5 pin 2 '2' (passive) at (133.35000000000002, 46.99) has no label, wire, or no_connect.",
      "D5 pin 1 'K' (passive) at (133.35, 46.99) has no label, wire, or no_connect."
    ]
  }
]

