# rc=1
# stderr:

# stdout:
[
  {
    "check": "kicad-cli ERC",
    "status": "fail",
    "errors_total": 8,
    "errors_design": 8,
    "warnings_total": 208,
    "warnings_design": 208,
    "report": "/home/reidsurmeier/electronics-stack/test-corpus/makertools/printer-expansion/verify-out/printer-expasion-erc.rpt"
  },
  {
    "check": "Connectivity audit (passive-pin floats)",
    "status": "fail",
    "findings": 170,
    "high": 63,
    "details": [
      "J7 pin 1 'Pin_1' (passive) at (261.62, 83.82) has no label, wire, or no_connect.",
      "J7 pin 2 'Pin_2' (passive) at (261.62, 86.36) has no label, wire, or no_connect.",
      "J7 pin 3 'Pin_3' (passive) at (261.62, 88.9) has no label, wire, or no_connect.",
      "J7 pin 4 'Pin_4' (passive) at (261.62, 91.44) has no label, wire, or no_connect.",
      "#PWR021 pin 1 '~' (power_in) at (200.66, 107.95) has no label, wire, or no_connect.",
      "JP3 pin 1 'A' (passive) at (200.66, 58.42) has no label, wire, or no_connect.",
      "JP3 pin 2 'C' (passive) at (205.74, 62.230000000000004) has no label, wire, or no_connect.",
      "JP3 pin 3 'B' (passive) at (210.82000000000002, 58.42) has no label, wire, or no_connect.",
      "#PWR025 pin 1 '~' (power_in) at (236.22, 68.58) has no label, wire, or no_connect.",
      "#PWR066 pin 1 '~' (power_in) at (177.8, 83.82) has no label, wire, or no_connect."
    ]
  }
]

