# rc=1
# stderr:

# stdout:
[
  {
    "check": "kicad-cli ERC",
    "status": "fail",
    "errors_total": 25,
    "errors_design": 25,
    "warnings_total": 270,
    "warnings_design": 270,
    "report": "/home/reidsurmeier/electronics-stack/test-corpus/motor/Driverino-Shield/PCB/verify-out/Driverino-Shield-erc.rpt"
  },
  {
    "check": "Connectivity audit (passive-pin floats)",
    "status": "fail",
    "findings": 61,
    "high": 1,
    "details": [
      "P5 pin 1 'Pin_1' (passive) at (392.43, 16.51) has no label, wire, or no_connect.",
      "P6 pin 1 'Pin_1' (passive) at (394.97, 16.51) has no label, wire, or no_connect.",
      "P7 pin 1 'Pin_1' (passive) at (397.51, 16.51) has no label, wire, or no_connect.",
      "P8 pin 1 'Pin_1' (passive) at (400.05, 16.51) has no label, wire, or no_connect.",
      "P4 pin 1 'Pin_1' (passive) at (372.11, 58.42000000000001) has no label, wire, or no_connect.",
      "P4 pin 2 'Pin_2' (passive) at (372.11, 60.96000000000001) has no label, wire, or no_connect.",
      "P4 pin 3 'Pin_3' (passive) at (372.11, 63.50000000000001) has no label, wire, or no_connect.",
      "P4 pin 4 'Pin_4' (passive) at (372.11, 66.04) has no label, wire, or no_connect.",
      "P4 pin 5 'Pin_5' (passive) at (372.11, 68.58000000000001) has no label, wire, or no_connect.",
      "P4 pin 6 'Pin_6' (passive) at (372.11, 71.12) has no label, wire, or no_connect."
    ]
  }
]

