# rc=1
# stderr:

# stdout:
[
  {
    "check": "kicad-cli ERC",
    "status": "fail",
    "errors_total": 21,
    "errors_design": 21,
    "warnings_total": 227,
    "warnings_design": 227,
    "report": "/home/reidsurmeier/electronics-stack/test-corpus/motor/SimpleBLDC/PCB/verify-out/Inverter-erc.rpt"
  },
  {
    "check": "Connectivity audit (passive-pin floats)",
    "status": "fail",
    "findings": 105,
    "high": 9,
    "details": [
      "R16 pin 1 '~' (passive) at (250.19, 95.25) has no label, wire, or no_connect.",
      "R16 pin 2 '~' (passive) at (250.19, 102.87) has no label, wire, or no_connect.",
      "C5 pin 1 '~' (passive) at (120.65, 35.559999999999995) has no label, wire, or no_connect.",
      "C5 pin 2 '~' (passive) at (120.65, 43.18) has no label, wire, or no_connect.",
      "R4 pin 1 '~' (passive) at (69.85, 30.48) has no label, wire, or no_connect.",
      "R4 pin 2 '~' (passive) at (69.85, 38.1) has no label, wire, or no_connect.",
      "D2 pin 1 'K' (passive) at (46.989999999999995, 83.82) has no label, wire, or no_connect.",
      "D2 pin 2 'A' (passive) at (54.61, 83.82) has no label, wire, or no_connect.",
      "R2 pin 1 '~' (passive) at (30.48, 48.26) has no label, wire, or no_connect.",
      "R2 pin 2 '~' (passive) at (30.48, 55.88) has no label, wire, or no_connect."
    ]
  }
]

