# rc=0
# stderr:

# stdout:
[
  {
    "check": "kicad-cli ERC",
    "status": "pass",
    "errors_total": 0,
    "errors_design": 0,
    "warnings_total": 223,
    "warnings_design": 223,
    "report": "/home/reidsurmeier/electronics-stack/test-corpus/motor/bldc-motor/electronics/BLDCM-MCU/verify-out/BLDCM-MCU-erc.rpt"
  },
  {
    "check": "Connectivity audit (passive-pin floats)",
    "status": "pass",
    "findings": 241,
    "high": 0,
    "details": [
      "U1 pin 8 'PC0' (passive) at (27.94, 27.939999999999998) has no label, wire, or no_connect.",
      "U1 pin 1 'VBAT' (passive) at (7.620000000000001, 40.64) has no label, wire, or no_connect.",
      "U1 pin 19 'VDD' (passive) at (7.620000000000001, 45.72) has no label, wire, or no_connect.",
      "U1 pin 32 'VDD' (passive) at (7.620000000000001, 48.26) has no label, wire, or no_connect.",
      "U1 pin 48 'VDD' (passive) at (7.620000000000001, 50.8) has no label, wire, or no_connect.",
      "U1 pin 64 'VDD' (passive) at (7.620000000000001, 53.339999999999996) has no label, wire, or no_connect.",
      "U1 pin 30 'VCAP_1' (passive) at (7.620000000000001, 58.419999999999995) has no label, wire, or no_connect.",
      "U1 pin 13 'VDDA' (passive) at (33.019999999999996, 40.64) has no label, wire, or no_connect.",
      "U1 pin 18 'VSS' (passive) at (33.019999999999996, 45.72) has no label, wire, or no_connect.",
      "U1 pin 31 'VSS' (passive) at (33.019999999999996, 48.26) has no label, wire, or no_connect."
    ]
  }
]

