# rc=1
# stderr:

# stdout:
[
  {
    "check": "kicad-cli ERC",
    "status": "pass",
    "errors_total": 0,
    "errors_design": 0,
    "warnings_total": 174,
    "warnings_design": 174,
    "report": "/home/reidsurmeier/electronics-stack/test-corpus/motor/bldc-motor/electronics/BLDCM-Power/verify-out/BLDCM-Power-erc.rpt"
  },
  {
    "check": "Connectivity audit (passive-pin floats)",
    "status": "fail",
    "findings": 72,
    "high": 4,
    "details": [
      "U1 pin 1 'NC' (no_connect) at (195.57999999999998, 27.94) has no label, wire, or no_connect.",
      "R21 pin 1 '1' (passive) at (229.87, 81.28) has no label, wire, or no_connect.",
      "R21 pin 2 '2' (passive) at (237.49, 81.28) has no label, wire, or no_connect.",
      "R6 pin 1 '1' (passive) at (80.00999999999999, 91.44) has no label, wire, or no_connect.",
      "R6 pin 2 '2' (passive) at (87.63, 91.44) has no label, wire, or no_connect.",
      "#PWR019 pin 1 '~' (power_in) at (274.32, 63.5) has no label, wire, or no_connect.",
      "R3 pin 1 '1' (passive) at (267.96999999999997, 137.16) has no label, wire, or no_connect.",
      "R3 pin 2 '2' (passive) at (275.59, 137.16) has no label, wire, or no_connect.",
      "U11 pin 2 '2' (passive) at (243.84, 101.60000000000001) has no label, wire, or no_connect.",
      "R1 pin 1 '1' (passive) at (229.87, 43.18) has no label, wire, or no_connect."
    ]
  }
]

