# rc=1
# stderr:

# stdout:
[
  {
    "check": "kicad-cli ERC",
    "status": "fail",
    "errors_total": 54,
    "errors_design": 54,
    "warnings_total": 669,
    "warnings_design": 669,
    "report": "/home/reidsurmeier/electronics-stack/test-corpus/motor/ethersweep/electronic_design/development/ethersweep407_CAN/verify-out/ethersweep-erc.rpt"
  },
  {
    "check": "Connectivity audit (passive-pin floats)",
    "status": "fail",
    "findings": 106,
    "high": 19,
    "details": [
      "Y3 pin 1 '1' (passive) at (47.244, 67.818) has no label, wire, or no_connect.",
      "Y3 pin 2 '2' (passive) at (54.864000000000004, 67.818) has no label, wire, or no_connect.",
      "J3 pin 1 'Pin_1' (passive) at (96.139, 235.585) has no label, wire, or no_connect.",
      "J3 pin 2 'Pin_2' (passive) at (96.139, 238.125) has no label, wire, or no_connect.",
      "J3 pin 3 'Pin_3' (passive) at (96.139, 240.665) has no label, wire, or no_connect.",
      "J3 pin 4 'Pin_4' (passive) at (96.139, 243.205) has no label, wire, or no_connect.",
      "J1 pin 1 'MISO' (passive) at (360.934, 236.22) has no label, wire, or no_connect.",
      "J1 pin 2 'VCC' (passive) at (348.234, 228.60000000000002) has no label, wire, or no_connect.",
      "J1 pin 3 'SCK' (passive) at (360.934, 241.3) has no label, wire, or no_connect.",
      "J1 pin 4 'MOSI' (passive) at (360.934, 238.76000000000002) has no label, wire, or no_connect."
    ]
  }
]

