# rc=1
# stderr:

# stdout:
[
  {
    "check": "kicad-cli ERC",
    "status": "fail",
    "errors_total": 10,
    "errors_design": 10,
    "warnings_total": 119,
    "warnings_design": 119,
    "report": "/home/reidsurmeier/electronics-stack/test-corpus/motor/moco/hardware/moco-bkd8316/verify-out/moco-bkd8316-erc.rpt"
  },
  {
    "check": "Connectivity audit (passive-pin floats)",
    "status": "fail",
    "findings": 58,
    "high": 5,
    "details": [
      "R? pin 1 '~' (passive) at (90.17, 106.67999999999999) has no label, wire, or no_connect.",
      "R? pin 2 '~' (passive) at (90.17, 114.3) has no label, wire, or no_connect.",
      "SW1 pin 1 '1' (passive) at (180.33999999999997, 140.97) has no label, wire, or no_connect.",
      "SW1 pin 2 '2' (passive) at (190.5, 140.97) has no label, wire, or no_connect.",
      "C? pin 1 '~' (passive) at (134.62, 40.64) has no label, wire, or no_connect.",
      "C? pin 2 '~' (passive) at (134.62, 45.72) has no label, wire, or no_connect.",
      "R7 pin 1 '~' (passive) at (271.78, 120.64999999999999) has no label, wire, or no_connect.",
      "R7 pin 2 '~' (passive) at (271.78, 128.26999999999998) has no label, wire, or no_connect.",
      "J2 pin 1 'Pin_1' (passive) at (234.95, 69.85) has no label, wire, or no_connect.",
      "J2 pin 2 'Pin_2' (passive) at (234.95, 72.39) has no label, wire, or no_connect."
    ]
  }
]

