# rc=1
# stderr:

# stdout:
[
  {
    "check": "kicad-cli ERC",
    "status": "fail",
    "errors_total": 25,
    "errors_design": 25,
    "warnings_total": 260,
    "warnings_design": 260,
    "report": "/home/reidsurmeier/electronics-stack/test-corpus/motor/moco/hardware/moco-od501/verify-out/moco-od501-erc.rpt"
  },
  {
    "check": "Connectivity audit (passive-pin floats)",
    "status": "fail",
    "findings": 27,
    "high": 6,
    "details": [
      "R4 pin 1 '~' (passive) at (58.42, 181.60999999999999) has no label, wire, or no_connect.",
      "R4 pin 2 '~' (passive) at (58.42, 189.23) has no label, wire, or no_connect.",
      "D? pin 1 'K' (passive) at (163.82999999999998, 147.32) has no label, wire, or no_connect.",
      "D? pin 2 'A' (passive) at (171.45, 147.32) has no label, wire, or no_connect.",
      "L1 pin 1 '1' (passive) at (175.26, 133.35) has no label, wire, or no_connect.",
      "L1 pin 2 '2' (passive) at (175.26, 140.97) has no label, wire, or no_connect.",
      "J1 pin 3 'Pin_3' (passive) at (250.19, 60.96) has no label, wire, or no_connect.",
      "R? pin 2 '~' (passive) at (55.88, 147.32) has no label, wire, or no_connect.",
      "#PWR01 pin 1 'GND' (power_in) at (250.19, 60.96) has no label, wire, or no_connect.",
      "#PWR011 pin 1 'GNDPWR' (power_in) at (109.22, 138.43) has no label, wire, or no_connect."
    ]
  }
]

