# rc=1
# stderr:

# stdout:
[
  {
    "check": "kicad-cli ERC",
    "status": "fail",
    "errors_total": 12,
    "errors_design": 12,
    "warnings_total": 184,
    "warnings_design": 184,
    "report": "/home/reidsurmeier/electronics-stack/test-corpus/motor/moco/hardware/moco-oi401/verify-out/moco-oi401-erc.rpt"
  },
  {
    "check": "Connectivity audit (passive-pin floats)",
    "status": "fail",
    "findings": 15,
    "high": 2,
    "details": [
      "R2 pin 1 '~' (passive) at (64.77, 160.02) has no label, wire, or no_connect.",
      "R2 pin 2 '~' (passive) at (64.77, 167.64000000000001) has no label, wire, or no_connect.",
      "J2 pin 3 'Pin_3' (passive) at (54.61, 67.31) has no label, wire, or no_connect.",
      "#PWR09 pin 1 'Vdrive' (power_in) at (52.07, 97.79) has no label, wire, or no_connect.",
      "R3 pin 1 '~' (passive) at (64.77, 162.56) has no label, wire, or no_connect.",
      "R3 pin 2 '~' (passive) at (64.77, 170.18) has no label, wire, or no_connect.",
      "U1 pin 4 'NC' (no_connect) at (248.92, 71.12) has no label, wire, or no_connect.",
      "R1 pin 1 '~' (passive) at (64.77, 157.48) has no label, wire, or no_connect.",
      "R1 pin 2 '~' (passive) at (64.77, 165.1) has no label, wire, or no_connect.",
      "LD1 pin 2 'A' (passive) at (82.55, 152.4) has no label, wire, or no_connect."
    ]
  }
]

