# rc=1
# stderr:

# stdout:
[
  {
    "check": "kicad-cli ERC",
    "status": "fail",
    "errors_total": 20,
    "errors_design": 20,
    "warnings_total": 212,
    "warnings_design": 212,
    "report": "/home/reidsurmeier/electronics-stack/test-corpus/motor/moco/hardware/moco-rc1/verify-out/moco-rc1-erc.rpt"
  },
  {
    "check": "Connectivity audit (passive-pin floats)",
    "status": "fail",
    "findings": 52,
    "high": 32,
    "details": [
      "D1 pin 1 'K' (passive) at (87.63, 39.37) has no label, wire, or no_connect.",
      "D1 pin 2 'A' (passive) at (95.25, 39.37) has no label, wire, or no_connect.",
      "#PWR013 pin 1 '~' (power_in) at (73.66, 43.18) has no label, wire, or no_connect.",
      "L1 pin 1 '1' (passive) at (82.55, 29.210000000000004) has no label, wire, or no_connect.",
      "L1 pin 2 '2' (passive) at (82.55, 36.830000000000005) has no label, wire, or no_connect.",
      "R30 pin 2 '~' (passive) at (110.49, 179.07) has no label, wire, or no_connect.",
      "SW1 pin 1 '1' (passive) at (63.5, 172.72) has no label, wire, or no_connect.",
      "SW1 pin 2 '2' (passive) at (73.66, 172.72) has no label, wire, or no_connect.",
      "R9 pin 2 '~' (passive) at (40.64, 176.53) has no label, wire, or no_connect.",
      "#PWR016 pin 1 '~' (power_in) at (111.76, 34.29) has no label, wire, or no_connect."
    ]
  }
]

