# rc=1
# stderr:

# stdout:
[
  {
    "check": "kicad-cli ERC",
    "status": "fail",
    "errors_total": 4,
    "errors_design": 4,
    "warnings_total": 235,
    "warnings_design": 235,
    "report": "/home/reidsurmeier/electronics-stack/test-corpus/motor/moco/hardware/moco-rd321/verify-out/moco-rd321-erc.rpt"
  },
  {
    "check": "Connectivity audit (passive-pin floats)",
    "status": "fail",
    "findings": 43,
    "high": 16,
    "details": [
      "LD2 pin 1 'K' (passive) at (133.35, 181.61) has no label, wire, or no_connect.",
      "LD2 pin 2 'A' (passive) at (140.97, 181.61) has no label, wire, or no_connect.",
      "J3 pin 3 'Pin_3' (passive) at (46.99, 73.66000000000001) has no label, wire, or no_connect.",
      "#PWR04 pin 1 'GND' (power_in) at (135.89, 55.88) has no label, wire, or no_connect.",
      "#PWR019 pin 1 'VBUS' (power_in) at (46.99, 166.37) has no label, wire, or no_connect.",
      "#PWR011 pin 1 'GND' (power_in) at (115.57, 76.2) has no label, wire, or no_connect.",
      "L1 pin 1 '1' (passive) at (144.78, 41.91) has no label, wire, or no_connect.",
      "L1 pin 2 '2' (passive) at (144.78, 49.53) has no label, wire, or no_connect.",
      "#PWR05 pin 1 'GND' (power_in) at (153.67, 55.88) has no label, wire, or no_connect.",
      "C5 pin 2 '~' (passive) at (127.0, 76.2) has no label, wire, or no_connect."
    ]
  }
]

