# rc=1
# stderr:

# stdout:
[
  {
    "check": "kicad-cli ERC",
    "status": "fail",
    "errors_total": 16,
    "errors_design": 16,
    "warnings_total": 346,
    "warnings_design": 346,
    "report": "/home/reidsurmeier/electronics-stack/test-corpus/motor/moco/hardware/moco-rd501/verify-out/moco-rd501-erc.rpt"
  },
  {
    "check": "Connectivity audit (passive-pin floats)",
    "status": "fail",
    "findings": 54,
    "high": 18,
    "details": [
      "#PWR09 pin 1 'GND' (power_in) at (77.47, 147.32) has no label, wire, or no_connect.",
      "SB2 pin 1 'A' (passive) at (195.57999999999998, 64.77) has no label, wire, or no_connect.",
      "SB2 pin 2 'C' (passive) at (200.66, 68.58) has no label, wire, or no_connect.",
      "SB2 pin 3 'B' (passive) at (205.74, 64.77) has no label, wire, or no_connect.",
      "#PWR02 pin 1 'VCC' (power_in) at (46.99, 128.27) has no label, wire, or no_connect.",
      "R6 pin 1 '~' (passive) at (77.47, 129.54) has no label, wire, or no_connect.",
      "SW2 pin 1 '1' (passive) at (72.39, 142.24) has no label, wire, or no_connect.",
      "SW2 pin 2 '2' (passive) at (82.55, 142.24) has no label, wire, or no_connect.",
      "SB1 pin 1 'A' (passive) at (41.91, 165.1) has no label, wire, or no_connect.",
      "SB1 pin 2 'B' (passive) at (49.53, 165.1) has no label, wire, or no_connect."
    ]
  }
]

