# rc=1
# stderr:

# stdout:
[
  {
    "check": "kicad-cli ERC",
    "status": "fail",
    "errors_total": 3,
    "errors_design": 3,
    "warnings_total": 282,
    "warnings_design": 282,
    "report": "/home/reidsurmeier/electronics-stack/test-corpus/motor/moco/hardware/moco-sc1/verify-out/moco-sc1-erc.rpt"
  },
  {
    "check": "Connectivity audit (passive-pin floats)",
    "status": "fail",
    "findings": 136,
    "high": 44,
    "details": [
      "#PWR? pin 1 'GND' (power_in) at (157.48, 129.54) has no label, wire, or no_connect.",
      "D? pin 1 'K' (passive) at (129.54, 179.07) has no label, wire, or no_connect.",
      "D? pin 2 'A' (passive) at (137.16, 179.07) has no label, wire, or no_connect.",
      "LD? pin 1 'K' (passive) at (173.99, 125.73) has no label, wire, or no_connect.",
      "LD? pin 2 'A' (passive) at (181.61, 125.73) has no label, wire, or no_connect.",
      "LD? pin 1 'K' (passive) at (153.67, 125.73) has no label, wire, or no_connect.",
      "LD? pin 2 'A' (passive) at (161.29, 125.73) has no label, wire, or no_connect.",
      "R? pin 2 '~' (passive) at (30.48, 129.54) has no label, wire, or no_connect.",
      "C? pin 1 '~' (passive) at (135.89, 140.97) has no label, wire, or no_connect.",
      "C? pin 2 '~' (passive) at (135.89, 148.59) has no label, wire, or no_connect."
    ]
  }
]

