# rc=1
# stderr:

# stdout:
[
  {
    "check": "kicad-cli ERC",
    "status": "fail",
    "errors_total": 2,
    "errors_design": 2,
    "warnings_total": 50,
    "warnings_design": 50,
    "report": "/home/reidsurmeier/electronics-stack/test-corpus/power/Biploar-power-supply-KiCAD/verify-out/Bipolar power supply-erc.rpt"
  },
  {
    "check": "Connectivity audit (passive-pin floats)",
    "status": "pass",
    "findings": 30,
    "high": 0,
    "details": [
      "D22 pin 1 'K' (passive) at (219.71, 76.2) has no label, wire, or no_connect.",
      "D22 pin 2 'A' (passive) at (227.33, 76.2) has no label, wire, or no_connect.",
      "R25 pin 1 '~' (passive) at (88.9, 83.82) has no label, wire, or no_connect.",
      "R25 pin 2 '~' (passive) at (88.9, 91.44) has no label, wire, or no_connect.",
      "R17 pin 1 '~' (passive) at (106.68, 40.64) has no label, wire, or no_connect.",
      "R17 pin 2 '~' (passive) at (106.68, 48.260000000000005) has no label, wire, or no_connect.",
      "D11 pin 1 'K' (passive) at (71.12, 50.8) has no label, wire, or no_connect.",
      "D11 pin 2 'A' (passive) at (78.74000000000001, 50.8) has no label, wire, or no_connect.",
      "D24 pin 1 'K' (passive) at (201.93, 82.55) has no label, wire, or no_connect.",
      "D24 pin 2 'A' (passive) at (209.55, 82.55) has no label, wire, or no_connect."
    ]
  }
]

