# rc=1
# stderr:

# stdout:
[
  {
    "check": "kicad-cli ERC",
    "status": "fail",
    "errors_total": 1,
    "errors_design": 1,
    "warnings_total": 54,
    "warnings_design": 54,
    "report": "/home/reidsurmeier/electronics-stack/test-corpus/power/PierogiNixie-PSU/V1/verify-out/PierogiNixiePSU-erc.rpt"
  },
  {
    "check": "Connectivity audit (passive-pin floats)",
    "status": "pass",
    "findings": 13,
    "high": 0,
    "details": [
      "R2 pin 1 '1' (passive) at (162.55999999999997, 104.14) has no label, wire, or no_connect.",
      "R2 pin 2 '2' (passive) at (172.72, 104.14) has no label, wire, or no_connect.",
      "C4 pin 2 '-' (passive) at (200.66, 78.74) has no label, wire, or no_connect.",
      "R1 pin 1 '1' (passive) at (200.66, 83.82) has no label, wire, or no_connect.",
      "R1 pin 2 '2' (passive) at (210.82000000000002, 83.82) has no label, wire, or no_connect.",
      "VR1 pin 2 'WIPER' (passive) at (233.68, 96.52) has no label, wire, or no_connect.",
      "VR1 pin 3 'CW' (passive) at (205.74, 99.06) has no label, wire, or no_connect.",
      "R3 pin 1 '1' (passive) at (200.66, 137.16) has no label, wire, or no_connect.",
      "R3 pin 2 '2' (passive) at (210.82000000000002, 137.16) has no label, wire, or no_connect.",
      "R4 pin 1 '1' (passive) at (209.54999999999998, 109.22) has no label, wire, or no_connect."
    ]
  }
]

