# rc=1
# stderr:

# stdout:
[
  {
    "check": "kicad-cli ERC",
    "status": "pass",
    "errors_total": 0,
    "errors_design": 0,
    "warnings_total": 128,
    "warnings_design": 128,
    "report": "/home/reidsurmeier/electronics-stack/test-corpus/rf/MiniSolarMesh/verify-out/MiniSolarMesh-erc.rpt"
  },
  {
    "check": "Connectivity audit (passive-pin floats)",
    "status": "fail",
    "findings": 36,
    "high": 9,
    "details": [
      "C14 pin 2 '~' (passive) at (251.46, 193.04) has no label, wire, or no_connect.",
      "Q2 pin 1 'G' (input) at (139.7, 46.99) has no label, wire, or no_connect.",
      "Q2 pin 3 'D' (passive) at (147.32, 41.910000000000004) has no label, wire, or no_connect.",
      "Q2 pin 2 'S' (passive) at (147.32, 52.07) has no label, wire, or no_connect.",
      "C12 pin 1 '~' (passive) at (156.21, 88.89999999999999) has no label, wire, or no_connect.",
      "U5 pin 28 'GND' (power_in) at (83.82000000000001, 173.99) has no label, wire, or no_connect.",
      "U5 pin 25 'P1.01-LF' (bidirectional) at (97.79, 209.55) has no label, wire, or no_connect.",
      "U5 pin 26 'P1.02-LF' (bidirectional) at (100.33, 209.55) has no label, wire, or no_connect.",
      "U5 pin 27 'P1.07-LF' (bidirectional) at (102.87, 209.55) has no label, wire, or no_connect.",
      "U5 pin 29 'BAT+' (power_in) at (121.92, 173.99) has no label, wire, or no_connect."
    ]
  }
]

