# rc=1
# stderr:

# stdout:
[
  {
    "check": "kicad-cli ERC",
    "status": "fail",
    "errors_total": 1,
    "errors_design": 1,
    "warnings_total": 110,
    "warnings_design": 110,
    "report": "/home/reidsurmeier/electronics-stack/test-corpus/rf/SolarMeshtasticNode/pcb/verify-out/MeshtasticNode_BQ25185-erc.rpt"
  },
  {
    "check": "Connectivity audit (passive-pin floats)",
    "status": "fail",
    "findings": 41,
    "high": 1,
    "details": [
      "SW2 pin 1 '1' (passive) at (270.51, 99.06) has no label, wire, or no_connect.",
      "SW2 pin 2 '2' (passive) at (280.66999999999996, 99.06) has no label, wire, or no_connect.",
      "R8 pin 1 '~' (passive) at (63.5, 217.17) has no label, wire, or no_connect.",
      "R8 pin 2 '~' (passive) at (63.5, 224.79) has no label, wire, or no_connect.",
      "J7 pin 1 'Pin_1' (passive) at (113.03, 132.08) has no label, wire, or no_connect.",
      "J7 pin 2 'Pin_2' (passive) at (113.03, 134.62) has no label, wire, or no_connect.",
      "J7 pin 3 'Pin_3' (passive) at (113.03, 137.16) has no label, wire, or no_connect.",
      "J7 pin 4 'Pin_4' (passive) at (113.03, 139.70000000000002) has no label, wire, or no_connect.",
      "J1 pin 1 'Pin_1' (passive) at (29.21, 124.46) has no label, wire, or no_connect.",
      "J1 pin 2 'Pin_2' (passive) at (29.21, 127.0) has no label, wire, or no_connect."
    ]
  }
]

