# rc=1
# stderr:

# stdout:
[
  {
    "check": "kicad-cli ERC",
    "status": "fail",
    "errors_total": 3,
    "errors_design": 3,
    "warnings_total": 89,
    "warnings_design": 89,
    "report": "/home/reidsurmeier/electronics-stack/test-corpus/rf/mdbt-micro/MDBTMicro_50Q/verify-out/MDBTMicro_50Q-erc.rpt"
  },
  {
    "check": "Connectivity audit (passive-pin floats)",
    "status": "fail",
    "findings": 60,
    "high": 13,
    "details": [
      "#PWR011 pin 1 'GND' (power_in) at (158.75, 137.16) has no label, wire, or no_connect.",
      "C3 pin 1 '~' (passive) at (113.03, 44.45) has no label, wire, or no_connect.",
      "C3 pin 2 '~' (passive) at (113.03, 49.53) has no label, wire, or no_connect.",
      "C1 pin 2 '~' (passive) at (50.8, 180.34) has no label, wire, or no_connect.",
      "#PWR010 pin 1 'GND' (power_in) at (160.02, 170.18) has no label, wire, or no_connect.",
      "X1 pin 1 '1' (passive) at (105.41, 50.8) has no label, wire, or no_connect.",
      "X1 pin 2 '2' (passive) at (113.03, 50.8) has no label, wire, or no_connect.",
      "#PWR013 pin 1 'GND' (power_in) at (194.31, 135.89) has no label, wire, or no_connect.",
      "R1 pin 2 '~' (passive) at (33.02, 180.34) has no label, wire, or no_connect.",
      "U3 pin 2 'GND' (input) at (160.01999999999998, 170.17999999999998) has no label, wire, or no_connect."
    ]
  }
]

