# rc=1
# stderr:

# stdout:
[
  {
    "check": "kicad-cli ERC",
    "status": "fail",
    "errors_total": 9,
    "errors_design": 9,
    "warnings_total": 26,
    "warnings_design": 26,
    "report": "/home/reidsurmeier/electronics-stack/test-corpus/rf/project-hydra-meshtastic-pcb/Hydra Base/verify-out/Hydra Base-erc.rpt"
  },
  {
    "check": "Connectivity audit (passive-pin floats)",
    "status": "fail",
    "findings": 27,
    "high": 10,
    "details": [
      "#PWR03 pin 1 'GND' (power_in) at (81.28, 64.77) has no label, wire, or no_connect.",
      "J4 pin 2 'Pin_2' (passive) at (95.25, 118.11) has no label, wire, or no_connect.",
      "U1 pin 11 'GND' (power_out) at (134.62, 86.36) has no label, wire, or no_connect.",
      "U1 pin 12 'DTR' (bidirectional) at (114.30000000000001, 62.23) has no label, wire, or no_connect.",
      "U1 pin 13 'RTS' (bidirectional) at (114.30000000000001, 64.77) has no label, wire, or no_connect.",
      "U1 pin 15 'ESP32_RX' (bidirectional) at (114.30000000000001, 67.31) has no label, wire, or no_connect.",
      "U1 pin 16 'ESP32_TX' (bidirectional) at (114.30000000000001, 69.85) has no label, wire, or no_connect.",
      "U1 pin 17 'GND' (power_in) at (134.62, 86.36) has no label, wire, or no_connect.",
      "U1 pin 18 'EN' (bidirectional) at (114.30000000000001, 72.39) has no label, wire, or no_connect.",
      "U1 pin 19 'IO_0' (bidirectional) at (114.30000000000001, 74.92999999999999) has no label, wire, or no_connect."
    ]
  }
]

