# rc=1
# stderr:

# stdout:
[
  {
    "check": "kicad-cli ERC",
    "status": "fail",
    "errors_total": 50,
    "errors_design": 50,
    "warnings_total": 46,
    "warnings_design": 46,
    "report": "/home/reidsurmeier/electronics-stack/test-corpus/robotics/LSR-drone/verify-out/LSR_drone-erc.rpt"
  },
  {
    "check": "Connectivity audit (passive-pin floats)",
    "status": "pass",
    "findings": 17,
    "high": 0,
    "details": [
      "MK2 pin 7 'IRQ' (unspecified) at (114.30000000000001, 36.830000000000005) has no label, wire, or no_connect.",
      "U18 pin 1 'D1/TX' (unspecified) at (139.70000000000002, 50.8) has no label, wire, or no_connect.",
      "U18 pin 18 'AREF' (unspecified) at (165.1, 81.28) has no label, wire, or no_connect.",
      "U18 pin 2 'D0/RX' (unspecified) at (139.70000000000002, 53.339999999999996) has no label, wire, or no_connect.",
      "U18 pin 24 'A5' (unspecified) at (165.1, 66.03999999999999) has no label, wire, or no_connect.",
      "U18 pin 25 'A6' (unspecified) at (165.1, 63.5) has no label, wire, or no_connect.",
      "U18 pin 26 'A7' (unspecified) at (165.1, 60.96) has no label, wire, or no_connect.",
      "U18 pin 27 '+5V' (unspecified) at (165.1, 58.42) has no label, wire, or no_connect.",
      "U18 pin 28 'RESET' (unspecified) at (165.1, 55.879999999999995) has no label, wire, or no_connect.",
      "U18 pin 3 'RESET' (unspecified) at (139.70000000000002, 55.879999999999995) has no label, wire, or no_connect."
    ]
  }
]

