# rc=1
# stderr:

# stdout:
[
  {
    "check": "kicad-cli ERC",
    "status": "pass",
    "errors_total": 0,
    "errors_design": 0,
    "warnings_total": 0,
    "warnings_design": 0,
    "report": "/home/reidsurmeier/electronics-stack/test-corpus/robotics/OpenESC_20X20/verify-out/4in1ESC-erc.rpt"
  },
  {
    "check": "Connectivity audit (passive-pin floats)",
    "status": "fail",
    "findings": 26,
    "high": 22,
    "details": [
      "#PWR0116 pin 1 '' (power_in) at (316.23, 132.08) has no label, wire, or no_connect.",
      "C93 pin 1 '1' (input) at (312.42, 128.27) has no label, wire, or no_connect.",
      "C93 pin 2 '2' (input) at (320.04, 128.27) has no label, wire, or no_connect.",
      "#PWR024 pin 1 '' (power_in) at (323.85, 151.13) has no label, wire, or no_connect.",
      "#PWR0106 pin 1 '' (power_in) at (299.72, 113.03) has no label, wire, or no_connect.",
      "C70 pin 1 '1' (input) at (142.24, 180.34) has no label, wire, or no_connect.",
      "C70 pin 2 '2' (input) at (149.86, 180.34) has no label, wire, or no_connect.",
      "C94 pin 1 '1' (input) at (350.52, 144.78) has no label, wire, or no_connect.",
      "C94 pin 2 '2' (input) at (358.14, 144.78) has no label, wire, or no_connect.",
      "#PWR0117 pin 1 '' (power_in) at (354.33, 148.59) has no label, wire, or no_connect."
    ]
  }
]

