# rc=1
# stderr:

# stdout:
[
  {
    "check": "kicad-cli ERC",
    "status": "fail",
    "errors_total": 2,
    "errors_design": 2,
    "warnings_total": 52,
    "warnings_design": 52,
    "report": "/home/reidsurmeier/electronics-stack/test-corpus/robotics/Vespin2Hardware/LM2596S/verify-out/Modulo_LM2596S-erc.rpt"
  },
  {
    "check": "Connectivity audit (passive-pin floats)",
    "status": "fail",
    "findings": 11,
    "high": 4,
    "details": [
      "H101 pin 1 '1' (input) at (57.15, 130.81) has no label, wire, or no_connect.",
      "H103 pin 1 '1' (input) at (57.15, 146.04999999999998) has no label, wire, or no_connect.",
      "J105 pin 1 'Pin_1' (passive) at (30.480000000000004, 76.2) has no label, wire, or no_connect.",
      "H104 pin 1 '1' (input) at (57.15, 153.67) has no label, wire, or no_connect.",
      "H102 pin 1 '1' (input) at (57.15, 138.42999999999998) has no label, wire, or no_connect.",
      "J101 pin 1 'Pin_1' (passive) at (30.480000000000004, 72.39) has no label, wire, or no_connect.",
      "D101 pin 1 'K' (passive) at (125.72999999999999, 83.82) has no label, wire, or no_connect.",
      "D101 pin 2 'A' (passive) at (133.35, 83.82) has no label, wire, or no_connect.",
      "RV101 pin 2 '2' (passive) at (163.83, 77.47) has no label, wire, or no_connect.",
      "J106 pin 1 'Pin_1' (passive) at (30.480000000000004, 93.98) has no label, wire, or no_connect."
    ]
  }
]

