# rc=1
# stderr:

# stdout:
[
  {
    "check": "kicad-cli ERC",
    "status": "fail",
    "errors_total": 3,
    "errors_design": 3,
    "warnings_total": 63,
    "warnings_design": 63,
    "report": "/home/reidsurmeier/electronics-stack/test-corpus/robotics/Vespin2Hardware/learn/Two_phese_bipolar_stepper_motor/verify-out/Two_phese_bipolar_stepper_motor-erc.rpt"
  },
  {
    "check": "Connectivity audit (passive-pin floats)",
    "status": "fail",
    "findings": 40,
    "high": 6,
    "details": [
      "D4 pin 1 'K' (passive) at (203.2, 104.14) has no label, wire, or no_connect.",
      "D4 pin 2 'A' (passive) at (210.82, 104.14) has no label, wire, or no_connect.",
      "J2 pin 1 'Pin_1' (passive) at (172.72, 53.34) has no label, wire, or no_connect.",
      "J2 pin 2 'Pin_2' (passive) at (172.72, 55.88) has no label, wire, or no_connect.",
      "J3 pin 1 'Pin_1' (passive) at (67.31, 105.41) has no label, wire, or no_connect.",
      "J3 pin 10 'Pin_10' (passive) at (67.31, 128.27) has no label, wire, or no_connect.",
      "J3 pin 11 'Pin_11' (passive) at (67.31, 130.81) has no label, wire, or no_connect.",
      "J3 pin 12 'Pin_12' (passive) at (67.31, 133.35) has no label, wire, or no_connect.",
      "J3 pin 2 'Pin_2' (passive) at (67.31, 107.95) has no label, wire, or no_connect.",
      "J3 pin 3 'Pin_3' (passive) at (67.31, 110.49) has no label, wire, or no_connect."
    ]
  }
]

