# rc=1
# stderr:

# stdout:
[
  {
    "check": "kicad-cli ERC",
    "status": "pass",
    "errors_total": 0,
    "errors_design": 0,
    "warnings_total": 18,
    "warnings_design": 18,
    "report": "/home/reidsurmeier/electronics-stack/test-corpus/robotics/Vespin2Hardware/old/LM2596/verify-out/LM2596-erc.rpt"
  },
  {
    "check": "Connectivity audit (passive-pin floats)",
    "status": "fail",
    "findings": 11,
    "high": 7,
    "details": [
      "D1 pin 1 'K' (passive) at (124.46000000000001, 46.99) has no label, wire, or no_connect.",
      "D1 pin 2 'A' (passive) at (132.08, 46.99) has no label, wire, or no_connect.",
      "#PWR04 pin 1 'GND' (power_in) at (128.27, 50.8) has no label, wire, or no_connect.",
      "C1 pin 2 '~' (passive) at (91.44, 45.72) has no label, wire, or no_connect.",
      "U1 pin 3 'GND' (power_in) at (113.03, 48.26) has no label, wire, or no_connect.",
      "U1 pin 5 '~{ON}/OFF' (input) at (100.33, 43.18) has no label, wire, or no_connect.",
      "#PWR03 pin 1 'GND' (power_in) at (113.03, 48.26) has no label, wire, or no_connect.",
      "#PWR05 pin 1 'GND' (power_in) at (143.51, 50.8) has no label, wire, or no_connect.",
      "#PWR02 pin 1 'GND' (power_in) at (100.33, 43.18) has no label, wire, or no_connect.",
      "C2 pin 2 '~' (passive) at (143.51, 50.800000000000004) has no label, wire, or no_connect."
    ]
  }
]

