# rc=1
# stderr:

# stdout:
[
  {
    "check": "kicad-cli ERC",
    "status": "fail",
    "errors_total": 35,
    "errors_design": 35,
    "warnings_total": 96,
    "warnings_design": 96,
    "report": "/home/reidsurmeier/electronics-stack/test-corpus/robotics/drone-uwb/drone/verify-out/drone-erc.rpt"
  },
  {
    "check": "Connectivity audit (passive-pin floats)",
    "status": "fail",
    "findings": 57,
    "high": 6,
    "details": [
      "U3 pin 1 'EXTON' (output) at (162.56, 43.18) has no label, wire, or no_connect.",
      "U3 pin 10 'GPIO5' (bidirectional) at (124.46000000000001, 50.8) has no label, wire, or no_connect.",
      "U3 pin 11 'GPIO4' (bidirectional) at (124.46000000000001, 53.339999999999996) has no label, wire, or no_connect.",
      "U3 pin 12 'GPIO3' (bidirectional) at (124.46000000000001, 55.879999999999995) has no label, wire, or no_connect.",
      "U3 pin 13 'GPIO2' (bidirectional) at (124.46000000000001, 58.42) has no label, wire, or no_connect.",
      "U3 pin 14 'GPIO1' (bidirectional) at (124.46000000000001, 60.959999999999994) has no label, wire, or no_connect.",
      "U3 pin 15 'GPIO0' (bidirectional) at (124.46000000000001, 63.5) has no label, wire, or no_connect.",
      "U3 pin 2 'WAKEUP' (bidirectional) at (124.46000000000001, 66.03999999999999) has no label, wire, or no_connect.",
      "U3 pin 4 'GPIO7' (bidirectional) at (124.46000000000001, 45.72) has no label, wire, or no_connect.",
      "U3 pin 9 'GPIO6' (bidirectional) at (124.46000000000001, 48.26) has no label, wire, or no_connect."
    ]
  }
]

