# rc=1
# stderr:

# stdout:
[
  {
    "check": "kicad-cli ERC",
    "status": "fail",
    "errors_total": 3,
    "errors_design": 3,
    "warnings_total": 104,
    "warnings_design": 104,
    "report": "/home/reidsurmeier/electronics-stack/test-corpus/sensors/PCB-Mini-Environmental-Sensor/Kicad Files/verify-out/Mini_Environmental_Sensor-erc.rpt"
  },
  {
    "check": "Connectivity audit (passive-pin floats)",
    "status": "fail",
    "findings": 65,
    "high": 27,
    "details": [
      "C1 pin 1 '~' (passive) at (40.64, 143.51) has no label, wire, or no_connect.",
      "C1 pin 2 '~' (passive) at (40.64, 151.13) has no label, wire, or no_connect.",
      "#PWR05 pin 1 '~' (power_in) at (50.8, 143.51) has no label, wire, or no_connect.",
      "#PWR06 pin 1 '~' (power_in) at (50.8, 151.13) has no label, wire, or no_connect.",
      "C3 pin 1 '~' (passive) at (50.8, 143.51) has no label, wire, or no_connect.",
      "C3 pin 2 '~' (passive) at (50.8, 151.13) has no label, wire, or no_connect.",
      "J2 pin A5 'CC1' (bidirectional) at (62.230000000000004, 62.23) has no label, wire, or no_connect.",
      "J2 pin B5 'CC2' (bidirectional) at (62.230000000000004, 64.77) has no label, wire, or no_connect.",
      "C6 pin 1 '~' (passive) at (171.45, 74.92999999999999) has no label, wire, or no_connect.",
      "C6 pin 2 '~' (passive) at (171.45, 82.55) has no label, wire, or no_connect."
    ]
  }
]

