# rc=1
# stderr:

# stdout:
[
  {
    "check": "kicad-cli ERC",
    "status": "pass",
    "errors_total": 0,
    "errors_design": 0,
    "warnings_total": 50,
    "warnings_design": 50,
    "report": "/home/reidsurmeier/electronics-stack/test-corpus/sensors/capacitive-soil-moisture-sensor/hardware/verify-out/soil-moisture-sensor-erc.rpt"
  },
  {
    "check": "Connectivity audit (passive-pin floats)",
    "status": "fail",
    "findings": 39,
    "high": 21,
    "details": [
      "U1 pin 21 'GND' (passive) at (213.36, 111.75999999999999) has no label, wire, or no_connect.",
      "U1 pin 3 'GND' (power_in) at (213.36, 111.75999999999999) has no label, wire, or no_connect.",
      "U1 pin 5 'GND' (passive) at (213.36, 111.75999999999999) has no label, wire, or no_connect.",
      "#PWR0116 pin 1 'GND' (power_in) at (213.36, 111.76) has no label, wire, or no_connect.",
      "SW1 pin 2 '2' (passive) at (146.05, 110.49) has no label, wire, or no_connect.",
      "J1 pin 2 'Pin_2' (passive) at (34.29, 121.91999999999999) has no label, wire, or no_connect.",
      "J1 pin 6 'Pin_6' (passive) at (34.29, 132.07999999999998) has no label, wire, or no_connect.",
      "#PWR0111 pin 1 'GND' (power_in) at (34.29, 132.08) has no label, wire, or no_connect.",
      "R1 pin 1 '~' (passive) at (41.91, 166.37) has no label, wire, or no_connect.",
      "R1 pin 2 '~' (passive) at (41.91, 173.99) has no label, wire, or no_connect."
    ]
  }
]

