# rc=1
# stderr:

# stdout:
[
  {
    "check": "kicad-cli ERC",
    "status": "fail",
    "errors_total": 1,
    "errors_design": 1,
    "warnings_total": 254,
    "warnings_design": 254,
    "report": "/home/reidsurmeier/electronics-stack/test-corpus/sensors/hw_sensor/pcb/verify-out/vario-erc.rpt"
  },
  {
    "check": "Connectivity audit (passive-pin floats)",
    "status": "fail",
    "findings": 288,
    "high": 63,
    "details": [
      "C3 pin 2 '~' (passive) at (19.812, 156.97199999999998) has no label, wire, or no_connect.",
      "C5 pin 2 '~' (passive) at (28.067, 156.97199999999998) has no label, wire, or no_connect.",
      "#PWR06 pin 1 'GND' (power_in) at (19.812, 156.972) has no label, wire, or no_connect.",
      "#PWR010 pin 1 'GND' (power_in) at (28.067, 156.972) has no label, wire, or no_connect.",
      "R3 pin 1 '~' (passive) at (32.893, 94.20859999999999) has no label, wire, or no_connect.",
      "R3 pin 2 '~' (passive) at (32.893, 99.2886) has no label, wire, or no_connect.",
      "R11 pin 1 '~' (passive) at (29.718, 174.752) has no label, wire, or no_connect.",
      "R11 pin 2 '~' (passive) at (29.718, 179.832) has no label, wire, or no_connect.",
      "D9 pin 1 'K' (passive) at (284.47999999999996, 39.878) has no label, wire, or no_connect.",
      "D9 pin 2 'A' (passive) at (289.56, 39.878) has no label, wire, or no_connect."
    ]
  }
]

