# rc=1
# stderr:

# stdout:
[
  {
    "check": "kicad-cli ERC",
    "status": "fail",
    "errors_total": 4,
    "errors_design": 4,
    "warnings_total": 52,
    "warnings_design": 52,
    "report": "/home/reidsurmeier/electronics-stack/test-corpus/sensors/pmw3360-pcb/pmw3360_pcb_ffc/verify-out/pmw3360_pcb_ffc-erc.rpt"
  },
  {
    "check": "Connectivity audit (passive-pin floats)",
    "status": "fail",
    "findings": 35,
    "high": 13,
    "details": [
      "#PWR09 pin 1 'GND' (power_in) at (257.81, 128.27) has no label, wire, or no_connect.",
      "#PWR010 pin 1 'VDD' (power_in) at (143.51, 123.19) has no label, wire, or no_connect.",
      "H2 pin 1 '1' (input) at (247.65, 128.27) has no label, wire, or no_connect.",
      "H1 pin 1 '1' (input) at (242.57, 128.27) has no label, wire, or no_connect.",
      "TP2 pin 1 '1' (passive) at (193.04, 124.46) has no label, wire, or no_connect.",
      "#PWR013 pin 1 'GND' (power_in) at (60.96, 81.28) has no label, wire, or no_connect.",
      "#PWR08 pin 1 'GND' (power_in) at (252.73, 128.27) has no label, wire, or no_connect.",
      "U1 pin 1 'NC' (no_connect) at (160.01999999999998, 60.96000000000001) has no label, wire, or no_connect.",
      "U1 pin 14 'NC' (no_connect) at (160.01999999999998, 55.88000000000001) has no label, wire, or no_connect.",
      "U1 pin 16 'NC' (no_connect) at (160.01999999999998, 53.34) has no label, wire, or no_connect."
    ]
  }
]

