# rc=1
# stderr:

# stdout:
[
  {
    "check": "kicad-cli ERC",
    "status": "fail",
    "errors_total": 4,
    "errors_design": 4,
    "warnings_total": 53,
    "warnings_design": 53,
    "report": "/home/reidsurmeier/electronics-stack/test-corpus/sensors/pmw3360-pcb/pmw3360_pcb_jst/verify-out/pmw3360_pcb_jst-erc.rpt"
  },
  {
    "check": "Connectivity audit (passive-pin floats)",
    "status": "fail",
    "findings": 27,
    "high": 13,
    "details": [
      "#PWR011 pin 1 'GND' (power_in) at (231.14, 119.38) has no label, wire, or no_connect.",
      "TP2 pin 1 '1' (passive) at (227.33, 71.12) has no label, wire, or no_connect.",
      "R4 pin 1 '~' (passive) at (119.38, 116.84) has no label, wire, or no_connect.",
      "R4 pin 2 '~' (passive) at (119.38, 124.46000000000001) has no label, wire, or no_connect.",
      "H2 pin 1 '1' (input) at (220.98, 119.38000000000001) has no label, wire, or no_connect.",
      "H1 pin 1 '1' (input) at (215.9, 119.38000000000001) has no label, wire, or no_connect.",
      "R3 pin 1 '~' (passive) at (120.65, 69.85) has no label, wire, or no_connect.",
      "R3 pin 2 '~' (passive) at (120.65, 77.47) has no label, wire, or no_connect.",
      "#PWR010 pin 1 'GND' (power_in) at (226.06, 119.38) has no label, wire, or no_connect.",
      "#PWR03 pin 1 'GND' (power_in) at (240.03, 71.12) has no label, wire, or no_connect."
    ]
  }
]

