# rc=1
# stderr:

# stdout:
[
  {
    "check": "kicad-cli ERC",
    "status": "fail",
    "errors_total": 4,
    "errors_design": 4,
    "warnings_total": 49,
    "warnings_design": 49,
    "report": "/home/reidsurmeier/electronics-stack/test-corpus/sensors/pmw3360-pcb/pmw3360_pcb_pinheader/verify-out/pmw3360_pcb_pinheader-erc.rpt"
  },
  {
    "check": "Connectivity audit (passive-pin floats)",
    "status": "fail",
    "findings": 23,
    "high": 2,
    "details": [
      "J1 pin 1 'Pin_1' (passive) at (224.79, 66.03999999999999) has no label, wire, or no_connect.",
      "J1 pin 2 'Pin_2' (passive) at (224.79, 68.58) has no label, wire, or no_connect.",
      "J1 pin 3 'Pin_3' (passive) at (224.79, 71.11999999999999) has no label, wire, or no_connect.",
      "J1 pin 4 'Pin_4' (passive) at (224.79, 73.66) has no label, wire, or no_connect.",
      "J1 pin 5 'Pin_5' (passive) at (224.79, 76.2) has no label, wire, or no_connect.",
      "J1 pin 6 'Pin_6' (passive) at (224.79, 78.74) has no label, wire, or no_connect.",
      "J1 pin 7 'Pin_7' (passive) at (224.79, 81.28) has no label, wire, or no_connect.",
      "J1 pin 8 'Pin_8' (passive) at (224.79, 83.82) has no label, wire, or no_connect.",
      "U1 pin 1 'NC' (no_connect) at (161.29000000000002, 59.69) has no label, wire, or no_connect.",
      "U1 pin 14 'NC' (no_connect) at (161.29000000000002, 54.61) has no label, wire, or no_connect."
    ]
  }
]

