# rc=1
# stderr:

# stdout:
[
  {
    "check": "kicad-cli ERC",
    "status": "fail",
    "errors_total": 3,
    "errors_design": 3,
    "warnings_total": 83,
    "warnings_design": 83,
    "report": "/home/reidsurmeier/electronics-stack/test-corpus/sensors/soil-sensor/pcb/verify-out/soil_sensor_2-erc.rpt"
  },
  {
    "check": "Connectivity audit (passive-pin floats)",
    "status": "fail",
    "findings": 12,
    "high": 1,
    "details": [
      "U3 pin 25 'NC' (no_connect) at (251.46, 123.19) has no label, wire, or no_connect.",
      "U3 pin 35 'NC' (no_connect) at (251.46, 81.28) has no label, wire, or no_connect.",
      "U3 pin 36 'NC' (no_connect) at (251.46, 91.44) has no label, wire, or no_connect.",
      "U3 pin 44 'NC' (no_connect) at (176.53000000000003, 85.09) has no label, wire, or no_connect.",
      "U3 pin 45 'NC' (no_connect) at (176.53000000000003, 87.63) has no label, wire, or no_connect.",
      "U3 pin 47 'NC' (no_connect) at (176.53000000000003, 95.25) has no label, wire, or no_connect.",
      "U3 pin 48 'NC' (no_connect) at (176.53000000000003, 92.71) has no label, wire, or no_connect.",
      "L1 pin 1 '1' (passive) at (97.79, 34.29) has no label, wire, or no_connect.",
      "L1 pin 2 '2' (passive) at (97.79, 41.910000000000004) has no label, wire, or no_connect.",
      "Q1 pin 1 'G' (input) at (30.480000000000004, 68.58) has no label, wire, or no_connect."
    ]
  }
]

