# rc=1
# stderr:

# stdout:
[
  {
    "check": "kicad-cli ERC",
    "status": "fail",
    "errors_total": 4,
    "errors_design": 4,
    "warnings_total": 24,
    "warnings_design": 24,
    "report": "/home/reidsurmeier/electronics-stack/test-corpus/wearables/555-plane-pcb/Plane555/verify-out/Plane555-erc.rpt"
  },
  {
    "check": "Connectivity audit (passive-pin floats)",
    "status": "pass",
    "findings": 13,
    "high": 0,
    "details": [
      "RV1 pin 1 '1' (passive) at (102.87, 55.879999999999995) has no label, wire, or no_connect.",
      "RV1 pin 2 '2' (passive) at (106.68, 59.69) has no label, wire, or no_connect.",
      "D2 pin 1 'K' (passive) at (72.39, 77.47) has no label, wire, or no_connect.",
      "D2 pin 2 'A' (passive) at (80.01, 77.47) has no label, wire, or no_connect.",
      "SW1 pin 1 'A' (passive) at (148.59, 57.15) has no label, wire, or no_connect.",
      "SW1 pin 2 'B' (passive) at (138.42999999999998, 59.69) has no label, wire, or no_connect.",
      "SW1 pin 3 'C' (passive) at (148.59, 62.23) has no label, wire, or no_connect.",
      "BT1 pin 1 '+' (passive) at (161.29, 54.61) has no label, wire, or no_connect.",
      "BT1 pin 2 '-' (passive) at (161.29, 62.23) has no label, wire, or no_connect.",
      "D1 pin 1 'K' (passive) at (63.5, 77.47) has no label, wire, or no_connect."
    ]
  }
]

