# rc=1
# stderr:

# stdout:
[
  {
    "check": "kicad-cli ERC",
    "status": "fail",
    "errors_total": 9,
    "errors_design": 9,
    "warnings_total": 303,
    "warnings_design": 303,
    "report": "/home/reidsurmeier/electronics-stack/test-corpus/wearables/EMGBand-HandBionic/hardware/Hand_main/verify-out/Hand_main-erc.rpt"
  },
  {
    "check": "Connectivity audit (passive-pin floats)",
    "status": "fail",
    "findings": 69,
    "high": 13,
    "details": [
      "#PWR070 pin 1 '~' (power_in) at (167.64, 248.92) has no label, wire, or no_connect.",
      "R19 pin 1 '~' (passive) at (307.34, 195.57999999999998) has no label, wire, or no_connect.",
      "R19 pin 2 '~' (passive) at (307.34, 203.2) has no label, wire, or no_connect.",
      "R22 pin 1 '~' (passive) at (176.53, 19.05) has no label, wire, or no_connect.",
      "R22 pin 2 '~' (passive) at (176.53, 26.669999999999998) has no label, wire, or no_connect.",
      "Q3 pin 1 'B' (input) at (34.29, 254.0) has no label, wire, or no_connect.",
      "Q3 pin 2 'E' (passive) at (41.91, 259.08) has no label, wire, or no_connect.",
      "Q3 pin 3 'C' (passive) at (41.91, 248.92) has no label, wire, or no_connect.",
      "R8 pin 1 '~' (passive) at (128.27, 189.23) has no label, wire, or no_connect.",
      "R23 pin 1 '~' (passive) at (176.53, 26.67) has no label, wire, or no_connect."
    ]
  }
]

