# rc=1
# stderr:

# stdout:
[
  {
    "check": "kicad-cli ERC",
    "status": "fail",
    "errors_total": 5,
    "errors_design": 5,
    "warnings_total": 132,
    "warnings_design": 132,
    "report": "/home/reidsurmeier/electronics-stack/test-corpus/wearables/EMGBand-HandBionic/hardware/myoBand_emg/verify-out/EMG_SENSOR-erc.rpt"
  },
  {
    "check": "Connectivity audit (passive-pin floats)",
    "status": "fail",
    "findings": 48,
    "high": 4,
    "details": [
      "R2 pin 1 '~' (passive) at (160.02, 77.47) has no label, wire, or no_connect.",
      "R2 pin 2 '~' (passive) at (160.02, 85.09) has no label, wire, or no_connect.",
      "C18 pin 1 '~' (passive) at (298.45, 78.74) has no label, wire, or no_connect.",
      "C18 pin 2 '~' (passive) at (298.45, 86.36) has no label, wire, or no_connect.",
      "R13 pin 1 '~' (passive) at (48.26, 186.69) has no label, wire, or no_connect.",
      "R13 pin 2 '~' (passive) at (48.26, 194.31) has no label, wire, or no_connect.",
      "C2 pin 1 '~' (passive) at (60.96, 64.77) has no label, wire, or no_connect.",
      "C2 pin 2 '~' (passive) at (60.96, 72.39) has no label, wire, or no_connect.",
      "C13 pin 1 '~' (passive) at (341.63, 69.85) has no label, wire, or no_connect.",
      "C13 pin 2 '~' (passive) at (341.63, 77.47) has no label, wire, or no_connect."
    ]
  }
]

