# rc=1
# stderr:

# stdout:
[
  {
    "check": "kicad-cli ERC",
    "status": "fail",
    "errors_total": 8,
    "errors_design": 8,
    "warnings_total": 110,
    "warnings_design": 110,
    "report": "/home/reidsurmeier/electronics-stack/test-corpus/wearables/EMGBand-HandBionic/hardware/myoBand_emg_Renesas/myoBand_emg_v0_2/verify-out/myoBand_emg_v0_2-erc.rpt"
  },
  {
    "check": "Connectivity audit (passive-pin floats)",
    "status": "fail",
    "findings": 67,
    "high": 1,
    "details": [
      "#PWR032 pin 1 '~' (power_in) at (227.33, 100.33) has no label, wire, or no_connect.",
      "R15 pin 1 '~' (passive) at (242.57, 129.54) has no label, wire, or no_connect.",
      "R15 pin 2 '~' (passive) at (242.57, 137.16) has no label, wire, or no_connect.",
      "C3 pin 1 '~' (passive) at (138.43, 43.18) has no label, wire, or no_connect.",
      "C3 pin 2 '~' (passive) at (138.43, 50.800000000000004) has no label, wire, or no_connect.",
      "C20 pin 1 '~' (passive) at (242.57, 99.06) has no label, wire, or no_connect.",
      "C20 pin 2 '~' (passive) at (242.57, 106.68) has no label, wire, or no_connect.",
      "R21 pin 1 '~' (passive) at (76.2, 161.29) has no label, wire, or no_connect.",
      "R21 pin 2 '~' (passive) at (76.2, 168.91) has no label, wire, or no_connect.",
      "C6 pin 1 '~' (passive) at (60.96, 105.41) has no label, wire, or no_connect."
    ]
  }
]

