# rc=1
# stderr:

# stdout:
[
  {
    "check": "kicad-cli ERC",
    "status": "fail",
    "errors_total": 7,
    "errors_design": 7,
    "warnings_total": 55,
    "warnings_design": 55,
    "report": "/home/reidsurmeier/electronics-stack/test-corpus/wearables/EMGBand-HandBionic/hardware/myoBand_emg_Simulation/verify-out/myoBand_emg_Simulation-erc.rpt"
  },
  {
    "check": "Connectivity audit (passive-pin floats)",
    "status": "fail",
    "findings": 51,
    "high": 3,
    "details": [
      "C12 pin 1 '~' (passive) at (229.87, 124.46000000000001) has no label, wire, or no_connect.",
      "C12 pin 2 '~' (passive) at (229.87, 132.08) has no label, wire, or no_connect.",
      "V7 pin 1 '~' (passive) at (316.23, 68.58) has no label, wire, or no_connect.",
      "V7 pin 2 '~' (passive) at (316.23, 78.74) has no label, wire, or no_connect.",
      "R9 pin 1 '~' (passive) at (306.07, 156.21) has no label, wire, or no_connect.",
      "R9 pin 2 '~' (passive) at (306.07, 163.83) has no label, wire, or no_connect.",
      "R3 pin 1 '~' (passive) at (213.36, 93.98) has no label, wire, or no_connect.",
      "R3 pin 2 '~' (passive) at (213.36, 101.60000000000001) has no label, wire, or no_connect.",
      "C10 pin 1 '~' (passive) at (215.9, 156.21) has no label, wire, or no_connect.",
      "C10 pin 2 '~' (passive) at (215.9, 163.83) has no label, wire, or no_connect."
    ]
  }
]

