# rc=1
# stderr:

# stdout:
[
  {
    "check": "kicad-cli ERC",
    "status": "fail",
    "errors_total": 2,
    "errors_design": 2,
    "warnings_total": 66,
    "warnings_design": 66,
    "report": "/home/reidsurmeier/electronics-stack/test-corpus/wearables/watch/pcb/verify-out/watch-erc.rpt"
  },
  {
    "check": "Connectivity audit (passive-pin floats)",
    "status": "pass",
    "findings": 37,
    "high": 0,
    "details": [
      "D9 pin 1 'K' (passive) at (168.91, 66.04) has no label, wire, or no_connect.",
      "D9 pin 2 'A' (passive) at (173.98999999999998, 66.04) has no label, wire, or no_connect.",
      "BT1 pin N1 '~' (passive) at (72.39, 93.98) has no label, wire, or no_connect.",
      "BT1 pin P1 '~' (passive) at (57.15, 93.98) has no label, wire, or no_connect.",
      "BT1 pin P2 '~' (passive) at (57.15, 93.98) has no label, wire, or no_connect.",
      "R7 pin 1 '~' (passive) at (105.41, 43.18) has no label, wire, or no_connect.",
      "R7 pin 2 '~' (passive) at (105.41, 48.26) has no label, wire, or no_connect.",
      "D12 pin 1 'K' (passive) at (179.07000000000002, 76.2) has no label, wire, or no_connect.",
      "D12 pin 2 'A' (passive) at (184.15, 76.2) has no label, wire, or no_connect.",
      "D4 pin 1 'K' (passive) at (158.75, 66.04) has no label, wire, or no_connect."
    ]
  }
]

